{"D:\\learn-expo\\expo-env.d.ts": {"path":"D:\\learn-expo\\expo-env.d.ts","statementMap":{},"fnMap":{},"branchMap":{},"s":{},"f":{},"b":{}}
,"D:\\learn-expo\\jest.config.js": {"path":"D:\\learn-expo\\jest.config.js","statementMap":{"0":{"start":{"line":1,"column":0},"end":{"line":15,"column":4}}},"fnMap":{},"branchMap":{},"s":{"0":0},"f":{},"b":{}}
,"D:\\learn-expo\\.expo\\types\\router.d.ts": {"path":"D:\\learn-expo\\.expo\\types\\router.d.ts","statementMap":{},"fnMap":{},"branchMap":{},"s":{},"f":{},"b":{}}
,"D:\\learn-expo\\app\\+not-found.tsx": {"path":"D:\\learn-expo\\app\\+not-found.tsx","statementMap":{"0":{"start":{"line":8,"column":2},"end":{"line":18,"column":4}},"1":{"start":{"line":21,"column":15},"end":{"line":32,"column":2}}},"fnMap":{"0":{"name":"NotFoundScreen","decl":{"start":{"line":7,"column":24},"end":{"line":7,"column":38}},"loc":{"start":{"line":7,"column":41},"end":{"line":19,"column":1}},"line":7}},"branchMap":{},"s":{"0":0,"1":0},"f":{"0":0},"b":{}}
,"D:\\learn-expo\\app\\_layout.tsx": {"path":"D:\\learn-expo\\app\\_layout.tsx","statementMap":{"0":{"start":{"line":12,"column":0},"end":{"line":12,"column":36}},"1":{"start":{"line":15,"column":22},"end":{"line":15,"column":38}},"2":{"start":{"line":16,"column":30},"end":{"line":16,"column":45}},"3":{"start":{"line":17,"column":38},"end":{"line":17,"column":52}},"4":{"start":{"line":18,"column":17},"end":{"line":18,"column":28}},"5":{"start":{"line":20,"column":24},"end":{"line":22,"column":4}},"6":{"start":{"line":24,"column":2},"end":{"line":38,"column":9}},"7":{"start":{"line":26,"column":6},"end":{"line":34,"column":7}},"8":{"start":{"line":27,"column":22},"end":{"line":27,"column":61}},"9":{"start":{"line":28,"column":8},"end":{"line":28,"column":31}},"10":{"start":{"line":30,"column":8},"end":{"line":30,"column":61}},"11":{"start":{"line":31,"column":8},"end":{"line":31,"column":29}},"12":{"start":{"line":33,"column":8},"end":{"line":33,"column":24}},"13":{"start":{"line":37,"column":4},"end":{"line":37,"column":23}},"14":{"start":{"line":40,"column":2},"end":{"line":50,"column":48}},"15":{"start":{"line":41,"column":4},"end":{"line":49,"column":5}},"16":{"start":{"line":42,"column":6},"end":{"line":42,"column":31}},"17":{"start":{"line":44,"column":6},"end":{"line":48,"column":7}},"18":{"start":{"line":45,"column":8},"end":{"line":45,"column":33}},"19":{"start":{"line":46,"column":13},"end":{"line":48,"column":7}},"20":{"start":{"line":47,"column":8},"end":{"line":47,"column":32}},"21":{"start":{"line":52,"column":2},"end":{"line":54,"column":3}},"22":{"start":{"line":53,"column":4},"end":{"line":53,"column":16}},"23":{"start":{"line":56,"column":2},"end":{"line":68,"column":4}}},"fnMap":{"0":{"name":"RootLayout","decl":{"start":{"line":14,"column":24},"end":{"line":14,"column":34}},"loc":{"start":{"line":14,"column":37},"end":{"line":69,"column":1}},"line":14},"1":{"name":"(anonymous_1)","decl":{"start":{"line":24,"column":12},"end":{"line":24,"column":13}},"loc":{"start":{"line":24,"column":18},"end":{"line":38,"column":3}},"line":24},"2":{"name":"checkLoginStatus","decl":{"start":{"line":25,"column":19},"end":{"line":25,"column":35}},"loc":{"start":{"line":25,"column":38},"end":{"line":35,"column":5}},"line":25},"3":{"name":"(anonymous_3)","decl":{"start":{"line":40,"column":12},"end":{"line":40,"column":13}},"loc":{"start":{"line":40,"column":18},"end":{"line":50,"column":3}},"line":40}},"branchMap":{"0":{"loc":{"start":{"line":41,"column":4},"end":{"line":49,"column":5}},"type":"if","locations":[{"start":{"line":41,"column":4},"end":{"line":49,"column":5}},{"start":{},"end":{}}],"line":41},"1":{"loc":{"start":{"line":41,"column":8},"end":{"line":41,"column":29}},"type":"binary-expr","locations":[{"start":{"line":41,"column":8},"end":{"line":41,"column":14}},{"start":{"line":41,"column":18},"end":{"line":41,"column":29}}],"line":41},"2":{"loc":{"start":{"line":44,"column":6},"end":{"line":48,"column":7}},"type":"if","locations":[{"start":{"line":44,"column":6},"end":{"line":48,"column":7}},{"start":{"line":46,"column":13},"end":{"line":48,"column":7}}],"line":44},"3":{"loc":{"start":{"line":46,"column":13},"end":{"line":48,"column":7}},"type":"if","locations":[{"start":{"line":46,"column":13},"end":{"line":48,"column":7}},{"start":{},"end":{}}],"line":46},"4":{"loc":{"start":{"line":52,"column":2},"end":{"line":54,"column":3}},"type":"if","locations":[{"start":{"line":52,"column":2},"end":{"line":54,"column":3}},{"start":{},"end":{}}],"line":52},"5":{"loc":{"start":{"line":52,"column":6},"end":{"line":52,"column":29}},"type":"binary-expr","locations":[{"start":{"line":52,"column":6},"end":{"line":52,"column":13}},{"start":{"line":52,"column":17},"end":{"line":52,"column":29}}],"line":52},"6":{"loc":{"start":{"line":58,"column":26},"end":{"line":58,"column":75}},"type":"cond-expr","locations":[{"start":{"line":58,"column":51},"end":{"line":58,"column":60}},{"start":{"line":58,"column":63},"end":{"line":58,"column":75}}],"line":58}},"s":{"0":0,"1":0,"2":0,"3":0,"4":0,"5":0,"6":0,"7":0,"8":0,"9":0,"10":0,"11":0,"12":0,"13":0,"14":0,"15":0,"16":0,"17":0,"18":0,"19":0,"20":0,"21":0,"22":0,"23":0},"f":{"0":0,"1":0,"2":0,"3":0},"b":{"0":[0,0],"1":[0,0],"2":[0,0],"3":[0,0],"4":[0,0],"5":[0,0],"6":[0,0]}}
,"D:\\learn-expo\\app\\login.tsx": {"path":"D:\\learn-expo\\app\\login.tsx","statementMap":{"0":{"start":{"line":17,"column":28},"end":{"line":150,"column":3}},"1":{"start":{"line":18,"column":34},"end":{"line":18,"column":48}},"2":{"start":{"line":19,"column":36},"end":{"line":19,"column":48}},"3":{"start":{"line":20,"column":30},"end":{"line":20,"column":42}},"4":{"start":{"line":21,"column":36},"end":{"line":21,"column":48}},"5":{"start":{"line":22,"column":36},"end":{"line":22,"column":53}},"6":{"start":{"line":23,"column":30},"end":{"line":23,"column":42}},"7":{"start":{"line":24,"column":19},"end":{"line":24,"column":30}},"8":{"start":{"line":25,"column":24},"end":{"line":25,"column":47}},"9":{"start":{"line":27,"column":23},"end":{"line":65,"column":5}},"10":{"start":{"line":28,"column":23},"end":{"line":28,"column":55}},"11":{"start":{"line":29,"column":19},"end":{"line":31,"column":56}},"12":{"start":{"line":33,"column":6},"end":{"line":64,"column":7}},"13":{"start":{"line":34,"column":25},"end":{"line":43,"column":9}},"14":{"start":{"line":45,"column":29},"end":{"line":45,"column":50}},"15":{"start":{"line":47,"column":8},"end":{"line":60,"column":9}},"16":{"start":{"line":48,"column":10},"end":{"line":57,"column":11}},"17":{"start":{"line":49,"column":12},"end":{"line":49,"column":68}},"18":{"start":{"line":50,"column":12},"end":{"line":50,"column":39}},"19":{"start":{"line":51,"column":12},"end":{"line":53,"column":42}},"20":{"start":{"line":52,"column":14},"end":{"line":52,"column":41}},"21":{"start":{"line":53,"column":17},"end":{"line":53,"column":42}},"22":{"start":{"line":55,"column":12},"end":{"line":55,"column":57}},"23":{"start":{"line":56,"column":12},"end":{"line":56,"column":29}},"24":{"start":{"line":59,"column":10},"end":{"line":59,"column":79}},"25":{"start":{"line":62,"column":8},"end":{"line":62,"column":29}},"26":{"start":{"line":63,"column":8},"end":{"line":63,"column":64}},"27":{"start":{"line":67,"column":4},"end":{"line":149,"column":6}},"28":{"start":{"line":103,"column":31},"end":{"line":103,"column":51}},"29":{"start":{"line":115,"column":31},"end":{"line":115,"column":52}},"30":{"start":{"line":141,"column":25},"end":{"line":141,"column":45}},"31":{"start":{"line":152,"column":17},"end":{"line":213,"column":4}}},"fnMap":{"0":{"name":"(anonymous_0)","decl":{"start":{"line":17,"column":28},"end":{"line":17,"column":29}},"loc":{"start":{"line":17,"column":34},"end":{"line":150,"column":3}},"line":17},"1":{"name":"(anonymous_1)","decl":{"start":{"line":27,"column":23},"end":{"line":27,"column":24}},"loc":{"start":{"line":27,"column":35},"end":{"line":65,"column":5}},"line":27},"2":{"name":"(anonymous_2)","decl":{"start":{"line":103,"column":25},"end":{"line":103,"column":26}},"loc":{"start":{"line":103,"column":31},"end":{"line":103,"column":51}},"line":103},"3":{"name":"(anonymous_3)","decl":{"start":{"line":115,"column":25},"end":{"line":115,"column":26}},"loc":{"start":{"line":115,"column":31},"end":{"line":115,"column":52}},"line":115},"4":{"name":"(anonymous_4)","decl":{"start":{"line":141,"column":19},"end":{"line":141,"column":20}},"loc":{"start":{"line":141,"column":25},"end":{"line":141,"column":45}},"line":141}},"branchMap":{"0":{"loc":{"start":{"line":28,"column":23},"end":{"line":28,"column":55}},"type":"cond-expr","locations":[{"start":{"line":28,"column":33},"end":{"line":28,"column":41}},{"start":{"line":28,"column":44},"end":{"line":28,"column":55}}],"line":28},"1":{"loc":{"start":{"line":29,"column":19},"end":{"line":31,"column":56}},"type":"cond-expr","locations":[{"start":{"line":30,"column":10},"end":{"line":30,"column":32}},{"start":{"line":31,"column":10},"end":{"line":31,"column":56}}],"line":29},"2":{"loc":{"start":{"line":47,"column":8},"end":{"line":60,"column":9}},"type":"if","locations":[{"start":{"line":47,"column":8},"end":{"line":60,"column":9}},{"start":{"line":58,"column":15},"end":{"line":60,"column":9}}],"line":47},"3":{"loc":{"start":{"line":48,"column":10},"end":{"line":57,"column":11}},"type":"if","locations":[{"start":{"line":48,"column":10},"end":{"line":57,"column":11}},{"start":{"line":54,"column":17},"end":{"line":57,"column":11}}],"line":48},"4":{"loc":{"start":{"line":51,"column":12},"end":{"line":53,"column":42}},"type":"if","locations":[{"start":{"line":51,"column":12},"end":{"line":53,"column":42}},{"start":{"line":53,"column":17},"end":{"line":53,"column":42}}],"line":51},"5":{"loc":{"start":{"line":59,"column":31},"end":{"line":59,"column":77}},"type":"binary-expr","locations":[{"start":{"line":59,"column":31},"end":{"line":59,"column":51}},{"start":{"line":59,"column":55},"end":{"line":59,"column":77}}],"line":59},"6":{"loc":{"start":{"line":69,"column":36},"end":{"line":69,"column":64}},"type":"cond-expr","locations":[{"start":{"line":69,"column":46},"end":{"line":69,"column":53}},{"start":{"line":69,"column":56},"end":{"line":69,"column":64}}],"line":69},"7":{"loc":{"start":{"line":79,"column":9},"end":{"line":123,"column":9}},"type":"binary-expr","locations":[{"start":{"line":79,"column":9},"end":{"line":79,"column":17}},{"start":{"line":80,"column":10},"end":{"line":122,"column":13}}],"line":79},"8":{"loc":{"start":{"line":101,"column":18},"end":{"line":101,"column":63}},"type":"binary-expr","locations":[{"start":{"line":101,"column":18},"end":{"line":101,"column":38}},{"start":{"line":101,"column":42},"end":{"line":101,"column":63}}],"line":101},"9":{"loc":{"start":{"line":105,"column":29},"end":{"line":105,"column":78}},"type":"binary-expr","locations":[{"start":{"line":105,"column":29},"end":{"line":105,"column":49}},{"start":{"line":105,"column":53},"end":{"line":105,"column":78}}],"line":105},"10":{"loc":{"start":{"line":113,"column":18},"end":{"line":113,"column":64}},"type":"binary-expr","locations":[{"start":{"line":113,"column":18},"end":{"line":113,"column":39}},{"start":{"line":113,"column":43},"end":{"line":113,"column":64}}],"line":113},"11":{"loc":{"start":{"line":117,"column":29},"end":{"line":117,"column":79}},"type":"binary-expr","locations":[{"start":{"line":117,"column":29},"end":{"line":117,"column":50}},{"start":{"line":117,"column":54},"end":{"line":117,"column":79}}],"line":117},"12":{"loc":{"start":{"line":135,"column":16},"end":{"line":135,"column":44}},"type":"cond-expr","locations":[{"start":{"line":135,"column":26},"end":{"line":135,"column":33}},{"start":{"line":135,"column":36},"end":{"line":135,"column":44}}],"line":135},"13":{"loc":{"start":{"line":145,"column":12},"end":{"line":145,"column":40}},"type":"cond-expr","locations":[{"start":{"line":145,"column":22},"end":{"line":145,"column":30}},{"start":{"line":145,"column":33},"end":{"line":145,"column":40}}],"line":145}},"s":{"0":1,"1":3,"2":3,"3":3,"4":3,"5":3,"6":3,"7":3,"8":3,"9":3,"10":1,"11":1,"12":1,"13":1,"14":1,"15":1,"16":1,"17":1,"18":1,"19":1,"20":0,"21":1,"22":0,"23":0,"24":0,"25":0,"26":0,"27":3,"28":0,"29":0,"30":0,"31":1},"f":{"0":3,"1":1,"2":0,"3":0,"4":0},"b":{"0":[1,0],"1":[1,0],"2":[1,0],"3":[1,0],"4":[0,1],"5":[0,0],"6":[3,0],"7":[3,0],"8":[0,0],"9":[0,0],"10":[0,0],"11":[0,0],"12":[3,0],"13":[3,0]},"_coverageSchema":"1a1c01bbd47fc00a2c39e90264f33305004495a9","hash":"3ec400003eee1af21f3ff2ed2408c6366a959097"}
,"D:\\learn-expo\\app\\(seller)\\_layout.tsx": {"path":"D:\\learn-expo\\app\\(seller)\\_layout.tsx","statementMap":{"0":{"start":{"line":14,"column":22},"end":{"line":14,"column":38}},"1":{"start":{"line":15,"column":19},"end":{"line":15,"column":42}},"2":{"start":{"line":17,"column":19},"end":{"line":17,"column":46}},"3":{"start":{"line":19,"column":2},"end":{"line":74,"column":4}},"4":{"start":{"line":39,"column":37},"end":{"line":39,"column":93}},"5":{"start":{"line":49,"column":37},"end":{"line":49,"column":98}},"6":{"start":{"line":59,"column":37},"end":{"line":59,"column":93}},"7":{"start":{"line":67,"column":37},"end":{"line":67,"column":92}}},"fnMap":{"0":{"name":"TabLayout","decl":{"start":{"line":13,"column":24},"end":{"line":13,"column":33}},"loc":{"start":{"line":13,"column":36},"end":{"line":75,"column":1}},"line":13},"1":{"name":"(anonymous_1)","decl":{"start":{"line":39,"column":22},"end":{"line":39,"column":23}},"loc":{"start":{"line":39,"column":37},"end":{"line":39,"column":93}},"line":39},"2":{"name":"(anonymous_2)","decl":{"start":{"line":49,"column":22},"end":{"line":49,"column":23}},"loc":{"start":{"line":49,"column":37},"end":{"line":49,"column":98}},"line":49},"3":{"name":"(anonymous_3)","decl":{"start":{"line":59,"column":22},"end":{"line":59,"column":23}},"loc":{"start":{"line":59,"column":37},"end":{"line":59,"column":93}},"line":59},"4":{"name":"(anonymous_4)","decl":{"start":{"line":67,"column":22},"end":{"line":67,"column":23}},"loc":{"start":{"line":67,"column":37},"end":{"line":67,"column":92}},"line":67}},"branchMap":{"0":{"loc":{"start":{"line":22,"column":38},"end":{"line":22,"column":60}},"type":"binary-expr","locations":[{"start":{"line":22,"column":38},"end":{"line":22,"column":49}},{"start":{"line":22,"column":53},"end":{"line":22,"column":60}}],"line":22}},"s":{"0":0,"1":0,"2":0,"3":0,"4":0,"5":0,"6":0,"7":0},"f":{"0":0,"1":0,"2":0,"3":0,"4":0},"b":{"0":[0,0]}}
,"D:\\learn-expo\\app\\(seller)\\addProperty.tsx": {"path":"D:\\learn-expo\\app\\(seller)\\addProperty.tsx","statementMap":{"0":{"start":{"line":28,"column":36},"end":{"line":272,"column":1}},"1":{"start":{"line":29,"column":19},"end":{"line":29,"column":42}},"2":{"start":{"line":30,"column":34},"end":{"line":37,"column":4}},"3":{"start":{"line":38,"column":38},"end":{"line":40,"column":4}},"4":{"start":{"line":41,"column":36},"end":{"line":41,"column":51}},"5":{"start":{"line":43,"column":28},"end":{"line":45,"column":3}},"6":{"start":{"line":44,"column":4},"end":{"line":44,"column":49}},"7":{"start":{"line":47,"column":33},"end":{"line":49,"column":3}},"8":{"start":{"line":48,"column":4},"end":{"line":48,"column":53}},"9":{"start":{"line":51,"column":20},"end":{"line":99,"column":3}},"10":{"start":{"line":52,"column":4},"end":{"line":98,"column":6}},"11":{"start":{"line":60,"column":31},"end":{"line":60,"column":80}},"12":{"start":{"line":61,"column":12},"end":{"line":64,"column":13}},"13":{"start":{"line":62,"column":14},"end":{"line":62,"column":82}},"14":{"start":{"line":63,"column":14},"end":{"line":63,"column":21}},"15":{"start":{"line":66,"column":25},"end":{"line":71,"column":14}},"16":{"start":{"line":73,"column":12},"end":{"line":75,"column":13}},"17":{"start":{"line":74,"column":14},"end":{"line":74,"column":95}},"18":{"start":{"line":81,"column":25},"end":{"line":86,"column":14}},"19":{"start":{"line":88,"column":12},"end":{"line":90,"column":13}},"20":{"start":{"line":89,"column":14},"end":{"line":89,"column":95}},"21":{"start":{"line":101,"column":22},"end":{"line":105,"column":3}},"22":{"start":{"line":102,"column":22},"end":{"line":102,"column":42}},"23":{"start":{"line":103,"column":4},"end":{"line":103,"column":31}},"24":{"start":{"line":104,"column":4},"end":{"line":104,"column":52}},"25":{"start":{"line":107,"column":23},"end":{"line":144,"column":3}},"26":{"start":{"line":108,"column":4},"end":{"line":111,"column":5}},"27":{"start":{"line":109,"column":6},"end":{"line":109,"column":65}},"28":{"start":{"line":110,"column":6},"end":{"line":110,"column":13}},"29":{"start":{"line":113,"column":4},"end":{"line":143,"column":5}},"30":{"start":{"line":114,"column":6},"end":{"line":114,"column":25}},"31":{"start":{"line":115,"column":23},"end":{"line":121,"column":8}},"32":{"start":{"line":122,"column":6},"end":{"line":125,"column":7}},"33":{"start":{"line":123,"column":26},"end":{"line":123,"column":47}},"34":{"start":{"line":124,"column":8},"end":{"line":124,"column":70}},"35":{"start":{"line":126,"column":6},"end":{"line":126,"column":61}},"36":{"start":{"line":127,"column":6},"end":{"line":134,"column":9}},"37":{"start":{"line":135,"column":6},"end":{"line":137,"column":9}},"38":{"start":{"line":139,"column":6},"end":{"line":139,"column":27}},"39":{"start":{"line":140,"column":6},"end":{"line":140,"column":71}},"40":{"start":{"line":142,"column":6},"end":{"line":142,"column":26}},"41":{"start":{"line":146,"column":22},"end":{"line":183,"column":3}},"42":{"start":{"line":157,"column":18},"end":{"line":157,"column":115}},"43":{"start":{"line":158,"column":25},"end":{"line":158,"column":87}},"44":{"start":{"line":160,"column":4},"end":{"line":182,"column":6}},"45":{"start":{"line":173,"column":12},"end":{"line":176,"column":13}},"46":{"start":{"line":185,"column":2},"end":{"line":271,"column":4}},"47":{"start":{"line":204,"column":16},"end":{"line":204,"column":80}},"48":{"start":{"line":246,"column":12},"end":{"line":254,"column":19}},"49":{"start":{"line":250,"column":31},"end":{"line":250,"column":49}},"50":{"start":{"line":274,"column":15},"end":{"line":400,"column":2}}},"fnMap":{"0":{"name":"(anonymous_0)","decl":{"start":{"line":28,"column":36},"end":{"line":28,"column":37}},"loc":{"start":{"line":28,"column":42},"end":{"line":272,"column":1}},"line":28},"1":{"name":"(anonymous_1)","decl":{"start":{"line":43,"column":28},"end":{"line":43,"column":29}},"loc":{"start":{"line":43,"column":79},"end":{"line":45,"column":3}},"line":43},"2":{"name":"(anonymous_2)","decl":{"start":{"line":47,"column":33},"end":{"line":47,"column":34}},"loc":{"start":{"line":47,"column":90},"end":{"line":49,"column":3}},"line":47},"3":{"name":"(anonymous_3)","decl":{"start":{"line":51,"column":20},"end":{"line":51,"column":21}},"loc":{"start":{"line":51,"column":32},"end":{"line":99,"column":3}},"line":51},"4":{"name":"(anonymous_4)","decl":{"start":{"line":58,"column":19},"end":{"line":58,"column":20}},"loc":{"start":{"line":58,"column":31},"end":{"line":76,"column":11}},"line":58},"5":{"name":"(anonymous_5)","decl":{"start":{"line":80,"column":19},"end":{"line":80,"column":20}},"loc":{"start":{"line":80,"column":31},"end":{"line":91,"column":11}},"line":80},"6":{"name":"(anonymous_6)","decl":{"start":{"line":101,"column":22},"end":{"line":101,"column":23}},"loc":{"start":{"line":101,"column":41},"end":{"line":105,"column":3}},"line":101},"7":{"name":"(anonymous_7)","decl":{"start":{"line":107,"column":23},"end":{"line":107,"column":24}},"loc":{"start":{"line":107,"column":35},"end":{"line":144,"column":3}},"line":107},"8":{"name":"(anonymous_8)","decl":{"start":{"line":146,"column":22},"end":{"line":146,"column":23}},"loc":{"start":{"line":156,"column":7},"end":{"line":183,"column":3}},"line":156},"9":{"name":"(anonymous_9)","decl":{"start":{"line":172,"column":24},"end":{"line":172,"column":25}},"loc":{"start":{"line":173,"column":12},"end":{"line":176,"column":13}},"line":173},"10":{"name":"(anonymous_10)","decl":{"start":{"line":203,"column":29},"end":{"line":203,"column":30}},"loc":{"start":{"line":204,"column":16},"end":{"line":204,"column":80}},"line":204},"11":{"name":"(anonymous_11)","decl":{"start":{"line":245,"column":31},"end":{"line":245,"column":32}},"loc":{"start":{"line":246,"column":12},"end":{"line":254,"column":19}},"line":246},"12":{"name":"(anonymous_12)","decl":{"start":{"line":250,"column":25},"end":{"line":250,"column":26}},"loc":{"start":{"line":250,"column":31},"end":{"line":250,"column":49}},"line":250}},"branchMap":{"0":{"loc":{"start":{"line":61,"column":12},"end":{"line":64,"column":13}},"type":"if","locations":[{"start":{"line":61,"column":12},"end":{"line":64,"column":13}},{"start":{},"end":{}}],"line":61},"1":{"loc":{"start":{"line":73,"column":12},"end":{"line":75,"column":13}},"type":"if","locations":[{"start":{"line":73,"column":12},"end":{"line":75,"column":13}},{"start":{},"end":{}}],"line":73},"2":{"loc":{"start":{"line":88,"column":12},"end":{"line":90,"column":13}},"type":"if","locations":[{"start":{"line":88,"column":12},"end":{"line":90,"column":13}},{"start":{},"end":{}}],"line":88},"3":{"loc":{"start":{"line":108,"column":4},"end":{"line":111,"column":5}},"type":"if","locations":[{"start":{"line":108,"column":4},"end":{"line":111,"column":5}},{"start":{},"end":{}}],"line":108},"4":{"loc":{"start":{"line":108,"column":8},"end":{"line":108,"column":81}},"type":"binary-expr","locations":[{"start":{"line":108,"column":8},"end":{"line":108,"column":23}},{"start":{"line":108,"column":27},"end":{"line":108,"column":42}},{"start":{"line":108,"column":46},"end":{"line":108,"column":63}},{"start":{"line":108,"column":67},"end":{"line":108,"column":81}}],"line":108},"5":{"loc":{"start":{"line":122,"column":6},"end":{"line":125,"column":7}},"type":"if","locations":[{"start":{"line":122,"column":6},"end":{"line":125,"column":7}},{"start":{},"end":{}}],"line":122},"6":{"loc":{"start":{"line":124,"column":24},"end":{"line":124,"column":68}},"type":"binary-expr","locations":[{"start":{"line":124,"column":24},"end":{"line":124,"column":41}},{"start":{"line":124,"column":45},"end":{"line":124,"column":68}}],"line":124},"7":{"loc":{"start":{"line":140,"column":27},"end":{"line":140,"column":69}},"type":"binary-expr","locations":[{"start":{"line":140,"column":27},"end":{"line":140,"column":40}},{"start":{"line":140,"column":44},"end":{"line":140,"column":69}}],"line":140},"8":{"loc":{"start":{"line":157,"column":18},"end":{"line":157,"column":115}},"type":"cond-expr","locations":[{"start":{"line":157,"column":38},"end":{"line":157,"column":79}},{"start":{"line":157,"column":82},"end":{"line":157,"column":115}}],"line":157},"9":{"loc":{"start":{"line":158,"column":25},"end":{"line":158,"column":87}},"type":"cond-expr","locations":[{"start":{"line":158,"column":45},"end":{"line":158,"column":67}},{"start":{"line":158,"column":70},"end":{"line":158,"column":87}}],"line":158},"10":{"loc":{"start":{"line":163,"column":19},"end":{"line":163,"column":78}},"type":"binary-expr","locations":[{"start":{"line":163,"column":19},"end":{"line":163,"column":36}},{"start":{"line":163,"column":40},"end":{"line":163,"column":78}}],"line":163},"11":{"loc":{"start":{"line":168,"column":12},"end":{"line":168,"column":55}},"type":"binary-expr","locations":[{"start":{"line":168,"column":12},"end":{"line":168,"column":30}},{"start":{"line":168,"column":34},"end":{"line":168,"column":55}}],"line":168},"12":{"loc":{"start":{"line":175,"column":14},"end":{"line":175,"column":67}},"type":"cond-expr","locations":[{"start":{"line":175,"column":34},"end":{"line":175,"column":59}},{"start":{"line":175,"column":63},"end":{"line":175,"column":67}}],"line":175},"13":{"loc":{"start":{"line":175,"column":34},"end":{"line":175,"column":59}},"type":"binary-expr","locations":[{"start":{"line":175,"column":34},"end":{"line":175,"column":46}},{"start":{"line":175,"column":50},"end":{"line":175,"column":59}}],"line":175},"14":{"loc":{"start":{"line":178,"column":24},"end":{"line":178,"column":64}},"type":"cond-expr","locations":[{"start":{"line":178,"column":43},"end":{"line":178,"column":52}},{"start":{"line":178,"column":55},"end":{"line":178,"column":64}}],"line":178},"15":{"loc":{"start":{"line":260,"column":37},"end":{"line":260,"column":77}},"type":"binary-expr","locations":[{"start":{"line":260,"column":37},"end":{"line":260,"column":46}},{"start":{"line":260,"column":50},"end":{"line":260,"column":77}}],"line":260},"16":{"loc":{"start":{"line":264,"column":9},"end":{"line":268,"column":9}},"type":"cond-expr","locations":[{"start":{"line":265,"column":10},"end":{"line":265,"column":47}},{"start":{"line":267,"column":10},"end":{"line":267,"column":67}}],"line":264}},"s":{"0":0,"1":0,"2":0,"3":0,"4":0,"5":0,"6":0,"7":0,"8":0,"9":0,"10":0,"11":0,"12":0,"13":0,"14":0,"15":0,"16":0,"17":0,"18":0,"19":0,"20":0,"21":0,"22":0,"23":0,"24":0,"25":0,"26":0,"27":0,"28":0,"29":0,"30":0,"31":0,"32":0,"33":0,"34":0,"35":0,"36":0,"37":0,"38":0,"39":0,"40":0,"41":0,"42":0,"43":0,"44":0,"45":0,"46":0,"47":0,"48":0,"49":0,"50":0},"f":{"0":0,"1":0,"2":0,"3":0,"4":0,"5":0,"6":0,"7":0,"8":0,"9":0,"10":0,"11":0,"12":0},"b":{"0":[0,0],"1":[0,0],"2":[0,0],"3":[0,0],"4":[0,0,0,0],"5":[0,0],"6":[0,0],"7":[0,0],"8":[0,0],"9":[0,0],"10":[0,0],"11":[0,0],"12":[0,0],"13":[0,0],"14":[0,0],"15":[0,0],"16":[0,0]}}
,"D:\\learn-expo\\app\\(seller)\\explore.tsx": {"path":"D:\\learn-expo\\app\\(seller)\\explore.tsx","statementMap":{"0":{"start":{"line":11,"column":2},"end":{"line":95,"column":4}},"1":{"start":{"line":98,"column":15},"end":{"line":109,"column":2}}},"fnMap":{"0":{"name":"TabTwoScreen","decl":{"start":{"line":10,"column":24},"end":{"line":10,"column":36}},"loc":{"start":{"line":10,"column":39},"end":{"line":96,"column":1}},"line":10}},"branchMap":{},"s":{"0":0,"1":0},"f":{"0":0},"b":{}}
,"D:\\learn-expo\\app\\(seller)\\index.tsx": {"path":"D:\\learn-expo\\app\\(seller)\\index.tsx","statementMap":{"0":{"start":{"line":29,"column":28},"end":{"line":29,"column":48}},"1":{"start":{"line":30,"column":32},"end":{"line":30,"column":46}},"2":{"start":{"line":31,"column":28},"end":{"line":31,"column":57}},"3":{"start":{"line":32,"column":38},"end":{"line":32,"column":53}},"4":{"start":{"line":33,"column":40},"end":{"line":33,"column":52}},"5":{"start":{"line":34,"column":50},"end":{"line":34,"column":65}},"6":{"start":{"line":36,"column":21},"end":{"line":36,"column":68}},"7":{"start":{"line":38,"column":21},"end":{"line":54,"column":3}},"8":{"start":{"line":39,"column":4},"end":{"line":53,"column":5}},"9":{"start":{"line":40,"column":23},"end":{"line":40,"column":58}},"10":{"start":{"line":41,"column":6},"end":{"line":41,"column":27}},"11":{"start":{"line":42,"column":6},"end":{"line":44,"column":7}},"12":{"start":{"line":43,"column":8},"end":{"line":43,"column":66}},"13":{"start":{"line":45,"column":19},"end":{"line":45,"column":40}},"14":{"start":{"line":46,"column":6},"end":{"line":46,"column":21}},"15":{"start":{"line":48,"column":6},"end":{"line":48,"column":50}},"16":{"start":{"line":49,"column":6},"end":{"line":49,"column":61}},"17":{"start":{"line":51,"column":6},"end":{"line":51,"column":24}},"18":{"start":{"line":52,"column":6},"end":{"line":52,"column":27}},"19":{"start":{"line":56,"column":2},"end":{"line":58,"column":9}},"20":{"start":{"line":57,"column":4},"end":{"line":57,"column":17}},"21":{"start":{"line":60,"column":20},"end":{"line":63,"column":8}},"22":{"start":{"line":61,"column":4},"end":{"line":61,"column":24}},"23":{"start":{"line":62,"column":4},"end":{"line":62,"column":17}},"24":{"start":{"line":65,"column":23},"end":{"line":108,"column":3}},"25":{"start":{"line":66,"column":4},"end":{"line":107,"column":11}},"26":{"start":{"line":88,"column":10},"end":{"line":103,"column":29}},"27":{"start":{"line":93,"column":27},"end":{"line":93,"column":52}},"28":{"start":{"line":105,"column":30},"end":{"line":105,"column":34}},"29":{"start":{"line":110,"column":21},"end":{"line":114,"column":3}},"30":{"start":{"line":111,"column":4},"end":{"line":113,"column":11}},"31":{"start":{"line":116,"column":2},"end":{"line":122,"column":3}},"32":{"start":{"line":117,"column":4},"end":{"line":121,"column":6}},"33":{"start":{"line":124,"column":2},"end":{"line":133,"column":3}},"34":{"start":{"line":125,"column":4},"end":{"line":132,"column":6}},"35":{"start":{"line":135,"column":2},"end":{"line":152,"column":4}},"36":{"start":{"line":141,"column":34},"end":{"line":141,"column":41}},"37":{"start":{"line":155,"column":15},"end":{"line":261,"column":2}}},"fnMap":{"0":{"name":"HomeScreen","decl":{"start":{"line":28,"column":24},"end":{"line":28,"column":34}},"loc":{"start":{"line":28,"column":37},"end":{"line":153,"column":1}},"line":28},"1":{"name":"(anonymous_1)","decl":{"start":{"line":38,"column":21},"end":{"line":38,"column":22}},"loc":{"start":{"line":38,"column":33},"end":{"line":54,"column":3}},"line":38},"2":{"name":"(anonymous_2)","decl":{"start":{"line":56,"column":12},"end":{"line":56,"column":13}},"loc":{"start":{"line":56,"column":18},"end":{"line":58,"column":3}},"line":56},"3":{"name":"(anonymous_3)","decl":{"start":{"line":60,"column":38},"end":{"line":60,"column":39}},"loc":{"start":{"line":60,"column":44},"end":{"line":63,"column":3}},"line":60},"4":{"name":"(anonymous_4)","decl":{"start":{"line":65,"column":23},"end":{"line":65,"column":24}},"loc":{"start":{"line":66,"column":4},"end":{"line":107,"column":11}},"line":66},"5":{"name":"(anonymous_5)","decl":{"start":{"line":87,"column":20},"end":{"line":87,"column":21}},"loc":{"start":{"line":88,"column":10},"end":{"line":103,"column":29}},"line":88},"6":{"name":"(anonymous_6)","decl":{"start":{"line":93,"column":21},"end":{"line":93,"column":22}},"loc":{"start":{"line":93,"column":27},"end":{"line":93,"column":52}},"line":93},"7":{"name":"(anonymous_7)","decl":{"start":{"line":105,"column":22},"end":{"line":105,"column":23}},"loc":{"start":{"line":105,"column":30},"end":{"line":105,"column":34}},"line":105},"8":{"name":"(anonymous_8)","decl":{"start":{"line":110,"column":21},"end":{"line":110,"column":22}},"loc":{"start":{"line":111,"column":4},"end":{"line":113,"column":11}},"line":111},"9":{"name":"(anonymous_9)","decl":{"start":{"line":141,"column":24},"end":{"line":141,"column":25}},"loc":{"start":{"line":141,"column":34},"end":{"line":141,"column":41}},"line":141}},"branchMap":{"0":{"loc":{"start":{"line":42,"column":6},"end":{"line":44,"column":7}},"type":"if","locations":[{"start":{"line":42,"column":6},"end":{"line":44,"column":7}},{"start":{},"end":{}}],"line":42},"1":{"loc":{"start":{"line":49,"column":15},"end":{"line":49,"column":59}},"type":"binary-expr","locations":[{"start":{"line":49,"column":15},"end":{"line":49,"column":26}},{"start":{"line":49,"column":30},"end":{"line":49,"column":59}}],"line":49},"2":{"loc":{"start":{"line":91,"column":14},"end":{"line":91,"column":70}},"type":"binary-expr","locations":[{"start":{"line":91,"column":14},"end":{"line":91,"column":39}},{"start":{"line":91,"column":43},"end":{"line":91,"column":70}}],"line":91},"3":{"loc":{"start":{"line":98,"column":16},"end":{"line":98,"column":70}},"type":"binary-expr","locations":[{"start":{"line":98,"column":16},"end":{"line":98,"column":41}},{"start":{"line":98,"column":45},"end":{"line":98,"column":70}}],"line":98},"4":{"loc":{"start":{"line":116,"column":2},"end":{"line":122,"column":3}},"type":"if","locations":[{"start":{"line":116,"column":2},"end":{"line":122,"column":3}},{"start":{},"end":{}}],"line":116},"5":{"loc":{"start":{"line":124,"column":2},"end":{"line":133,"column":3}},"type":"if","locations":[{"start":{"line":124,"column":2},"end":{"line":133,"column":3}},{"start":{},"end":{}}],"line":124},"6":{"loc":{"start":{"line":198,"column":12},"end":{"line":198,"column":50}},"type":"cond-expr","locations":[{"start":{"line":198,"column":36},"end":{"line":198,"column":38}},{"start":{"line":198,"column":41},"end":{"line":198,"column":50}}],"line":198}},"s":{"0":0,"1":0,"2":0,"3":0,"4":0,"5":0,"6":0,"7":0,"8":0,"9":0,"10":0,"11":0,"12":0,"13":0,"14":0,"15":0,"16":0,"17":0,"18":0,"19":0,"20":0,"21":0,"22":0,"23":0,"24":0,"25":0,"26":0,"27":0,"28":0,"29":0,"30":0,"31":0,"32":0,"33":0,"34":0,"35":0,"36":0,"37":0},"f":{"0":0,"1":0,"2":0,"3":0,"4":0,"5":0,"6":0,"7":0,"8":0,"9":0},"b":{"0":[0,0],"1":[0,0],"2":[0,0],"3":[0,0],"4":[0,0],"5":[0,0],"6":[0,0]}}
,"D:\\learn-expo\\app\\(seller)\\profile.tsx": {"path":"D:\\learn-expo\\app\\(seller)\\profile.tsx","statementMap":{"0":{"start":{"line":17,"column":32},"end":{"line":201,"column":1}},"1":{"start":{"line":18,"column":27},"end":{"line":18,"column":50}},"2":{"start":{"line":19,"column":17},"end":{"line":19,"column":28}},"3":{"start":{"line":20,"column":44},"end":{"line":20,"column":58}},"4":{"start":{"line":21,"column":36},"end":{"line":21,"column":51}},"5":{"start":{"line":23,"column":23},"end":{"line":49,"column":3}},"6":{"start":{"line":24,"column":4},"end":{"line":48,"column":6}},"7":{"start":{"line":36,"column":12},"end":{"line":36,"column":31}},"8":{"start":{"line":37,"column":12},"end":{"line":44,"column":13}},"9":{"start":{"line":38,"column":14},"end":{"line":38,"column":29}},"10":{"start":{"line":39,"column":14},"end":{"line":39,"column":39}},"11":{"start":{"line":41,"column":14},"end":{"line":41,"column":74}},"12":{"start":{"line":43,"column":14},"end":{"line":43,"column":34}},"13":{"start":{"line":51,"column":28},"end":{"line":54,"column":3}},"14":{"start":{"line":53,"column":4},"end":{"line":53,"column":33}},"15":{"start":{"line":56,"column":27},"end":{"line":59,"column":3}},"16":{"start":{"line":58,"column":4},"end":{"line":58,"column":32}},"17":{"start":{"line":61,"column":25},"end":{"line":64,"column":3}},"18":{"start":{"line":63,"column":4},"end":{"line":63,"column":29}},"19":{"start":{"line":66,"column":2},"end":{"line":72,"column":3}},"20":{"start":{"line":67,"column":4},"end":{"line":71,"column":6}},"21":{"start":{"line":74,"column":2},"end":{"line":200,"column":4}},"22":{"start":{"line":203,"column":15},"end":{"line":346,"column":2}}},"fnMap":{"0":{"name":"(anonymous_0)","decl":{"start":{"line":17,"column":32},"end":{"line":17,"column":33}},"loc":{"start":{"line":17,"column":38},"end":{"line":201,"column":1}},"line":17},"1":{"name":"(anonymous_1)","decl":{"start":{"line":23,"column":23},"end":{"line":23,"column":24}},"loc":{"start":{"line":23,"column":35},"end":{"line":49,"column":3}},"line":23},"2":{"name":"(anonymous_2)","decl":{"start":{"line":35,"column":19},"end":{"line":35,"column":20}},"loc":{"start":{"line":35,"column":31},"end":{"line":45,"column":11}},"line":35},"3":{"name":"(anonymous_3)","decl":{"start":{"line":51,"column":28},"end":{"line":51,"column":29}},"loc":{"start":{"line":51,"column":34},"end":{"line":54,"column":3}},"line":51},"4":{"name":"(anonymous_4)","decl":{"start":{"line":56,"column":27},"end":{"line":56,"column":28}},"loc":{"start":{"line":56,"column":33},"end":{"line":59,"column":3}},"line":56},"5":{"name":"(anonymous_5)","decl":{"start":{"line":61,"column":25},"end":{"line":61,"column":26}},"loc":{"start":{"line":61,"column":31},"end":{"line":64,"column":3}},"line":61}},"branchMap":{"0":{"loc":{"start":{"line":66,"column":2},"end":{"line":72,"column":3}},"type":"if","locations":[{"start":{"line":66,"column":2},"end":{"line":72,"column":3}},{"start":{},"end":{}}],"line":66},"1":{"loc":{"start":{"line":92,"column":20},"end":{"line":92,"column":71}},"type":"cond-expr","locations":[{"start":{"line":92,"column":50},"end":{"line":92,"column":60}},{"start":{"line":92,"column":63},"end":{"line":92,"column":71}}],"line":92},"2":{"loc":{"start":{"line":97,"column":15},"end":{"line":97,"column":79}},"type":"cond-expr","locations":[{"start":{"line":97,"column":45},"end":{"line":97,"column":61}},{"start":{"line":97,"column":64},"end":{"line":97,"column":79}}],"line":97},"3":{"loc":{"start":{"line":110,"column":9},"end":{"line":115,"column":9}},"type":"binary-expr","locations":[{"start":{"line":110,"column":9},"end":{"line":110,"column":36}},{"start":{"line":111,"column":10},"end":{"line":114,"column":29}}],"line":110},"4":{"loc":{"start":{"line":157,"column":26},"end":{"line":157,"column":63}},"type":"cond-expr","locations":[{"start":{"line":157,"column":42},"end":{"line":157,"column":51}},{"start":{"line":157,"column":54},"end":{"line":157,"column":63}}],"line":157}},"s":{"0":0,"1":0,"2":0,"3":0,"4":0,"5":0,"6":0,"7":0,"8":0,"9":0,"10":0,"11":0,"12":0,"13":0,"14":0,"15":0,"16":0,"17":0,"18":0,"19":0,"20":0,"21":0,"22":0},"f":{"0":0,"1":0,"2":0,"3":0,"4":0,"5":0},"b":{"0":[0,0],"1":[0,0],"2":[0,0],"3":[0,0],"4":[0,0]}}
,"D:\\learn-expo\\app\\(tabs)\\_layout.tsx": {"path":"D:\\learn-expo\\app\\(tabs)\\_layout.tsx","statementMap":{"0":{"start":{"line":13,"column":22},"end":{"line":13,"column":38}},"1":{"start":{"line":14,"column":19},"end":{"line":14,"column":42}},"2":{"start":{"line":15,"column":19},"end":{"line":15,"column":46}},"3":{"start":{"line":17,"column":2},"end":{"line":65,"column":4}},"4":{"start":{"line":38,"column":12},"end":{"line":38,"column":68}},"5":{"start":{"line":49,"column":12},"end":{"line":49,"column":73}},"6":{"start":{"line":60,"column":12},"end":{"line":60,"column":68}}},"fnMap":{"0":{"name":"TabLayout","decl":{"start":{"line":12,"column":24},"end":{"line":12,"column":33}},"loc":{"start":{"line":12,"column":36},"end":{"line":66,"column":1}},"line":12},"1":{"name":"(anonymous_1)","decl":{"start":{"line":37,"column":22},"end":{"line":37,"column":23}},"loc":{"start":{"line":38,"column":12},"end":{"line":38,"column":68}},"line":38},"2":{"name":"(anonymous_2)","decl":{"start":{"line":48,"column":22},"end":{"line":48,"column":23}},"loc":{"start":{"line":49,"column":12},"end":{"line":49,"column":73}},"line":49},"3":{"name":"(anonymous_3)","decl":{"start":{"line":59,"column":22},"end":{"line":59,"column":23}},"loc":{"start":{"line":60,"column":12},"end":{"line":60,"column":68}},"line":60}},"branchMap":{"0":{"loc":{"start":{"line":20,"column":38},"end":{"line":20,"column":60}},"type":"binary-expr","locations":[{"start":{"line":20,"column":38},"end":{"line":20,"column":49}},{"start":{"line":20,"column":53},"end":{"line":20,"column":60}}],"line":20}},"s":{"0":0,"1":0,"2":0,"3":0,"4":0,"5":0,"6":0},"f":{"0":0,"1":0,"2":0,"3":0},"b":{"0":[0,0]}}
,"D:\\learn-expo\\app\\(tabs)\\explore.tsx": {"path":"D:\\learn-expo\\app\\(tabs)\\explore.tsx","statementMap":{"0":{"start":{"line":5,"column":24},"end":{"line":31,"column":1}},"1":{"start":{"line":6,"column":14},"end":{"line":6,"column":52}},"2":{"start":{"line":8,"column":22},"end":{"line":10,"column":3}},"3":{"start":{"line":9,"column":4},"end":{"line":9,"column":25}},"4":{"start":{"line":12,"column":2},"end":{"line":30,"column":4}},"5":{"start":{"line":33,"column":15},"end":{"line":73,"column":2}}},"fnMap":{"0":{"name":"(anonymous_0)","decl":{"start":{"line":5,"column":24},"end":{"line":5,"column":25}},"loc":{"start":{"line":5,"column":30},"end":{"line":31,"column":1}},"line":5},"1":{"name":"(anonymous_1)","decl":{"start":{"line":8,"column":22},"end":{"line":8,"column":23}},"loc":{"start":{"line":8,"column":28},"end":{"line":10,"column":3}},"line":8}},"branchMap":{},"s":{"0":0,"1":0,"2":0,"3":0,"4":0,"5":0},"f":{"0":0,"1":0},"b":{}}
,"D:\\learn-expo\\app\\(tabs)\\index.tsx": {"path":"D:\\learn-expo\\app\\(tabs)\\index.tsx","statementMap":{"0":{"start":{"line":29,"column":28},"end":{"line":29,"column":48}},"1":{"start":{"line":30,"column":32},"end":{"line":30,"column":46}},"2":{"start":{"line":31,"column":28},"end":{"line":31,"column":57}},"3":{"start":{"line":32,"column":38},"end":{"line":32,"column":53}},"4":{"start":{"line":33,"column":40},"end":{"line":33,"column":52}},"5":{"start":{"line":34,"column":50},"end":{"line":34,"column":65}},"6":{"start":{"line":36,"column":21},"end":{"line":36,"column":68}},"7":{"start":{"line":38,"column":21},"end":{"line":53,"column":3}},"8":{"start":{"line":39,"column":4},"end":{"line":52,"column":5}},"9":{"start":{"line":40,"column":23},"end":{"line":40,"column":58}},"10":{"start":{"line":41,"column":6},"end":{"line":43,"column":7}},"11":{"start":{"line":42,"column":8},"end":{"line":42,"column":66}},"12":{"start":{"line":44,"column":19},"end":{"line":44,"column":40}},"13":{"start":{"line":45,"column":6},"end":{"line":45,"column":21}},"14":{"start":{"line":47,"column":6},"end":{"line":47,"column":50}},"15":{"start":{"line":48,"column":6},"end":{"line":48,"column":61}},"16":{"start":{"line":50,"column":6},"end":{"line":50,"column":24}},"17":{"start":{"line":51,"column":6},"end":{"line":51,"column":27}},"18":{"start":{"line":55,"column":2},"end":{"line":57,"column":9}},"19":{"start":{"line":56,"column":4},"end":{"line":56,"column":17}},"20":{"start":{"line":59,"column":20},"end":{"line":62,"column":8}},"21":{"start":{"line":60,"column":4},"end":{"line":60,"column":24}},"22":{"start":{"line":61,"column":4},"end":{"line":61,"column":17}},"23":{"start":{"line":64,"column":23},"end":{"line":108,"column":3}},"24":{"start":{"line":65,"column":4},"end":{"line":107,"column":11}},"25":{"start":{"line":88,"column":10},"end":{"line":103,"column":29}},"26":{"start":{"line":93,"column":27},"end":{"line":93,"column":52}},"27":{"start":{"line":105,"column":30},"end":{"line":105,"column":34}},"28":{"start":{"line":110,"column":21},"end":{"line":114,"column":3}},"29":{"start":{"line":111,"column":4},"end":{"line":113,"column":11}},"30":{"start":{"line":116,"column":2},"end":{"line":122,"column":3}},"31":{"start":{"line":117,"column":4},"end":{"line":121,"column":6}},"32":{"start":{"line":124,"column":2},"end":{"line":133,"column":3}},"33":{"start":{"line":125,"column":4},"end":{"line":132,"column":6}},"34":{"start":{"line":135,"column":2},"end":{"line":152,"column":4}},"35":{"start":{"line":141,"column":34},"end":{"line":141,"column":41}},"36":{"start":{"line":155,"column":15},"end":{"line":261,"column":2}}},"fnMap":{"0":{"name":"HomeScreen","decl":{"start":{"line":28,"column":24},"end":{"line":28,"column":34}},"loc":{"start":{"line":28,"column":37},"end":{"line":153,"column":1}},"line":28},"1":{"name":"(anonymous_1)","decl":{"start":{"line":38,"column":21},"end":{"line":38,"column":22}},"loc":{"start":{"line":38,"column":33},"end":{"line":53,"column":3}},"line":38},"2":{"name":"(anonymous_2)","decl":{"start":{"line":55,"column":12},"end":{"line":55,"column":13}},"loc":{"start":{"line":55,"column":18},"end":{"line":57,"column":3}},"line":55},"3":{"name":"(anonymous_3)","decl":{"start":{"line":59,"column":38},"end":{"line":59,"column":39}},"loc":{"start":{"line":59,"column":44},"end":{"line":62,"column":3}},"line":59},"4":{"name":"(anonymous_4)","decl":{"start":{"line":64,"column":23},"end":{"line":64,"column":24}},"loc":{"start":{"line":65,"column":4},"end":{"line":107,"column":11}},"line":65},"5":{"name":"(anonymous_5)","decl":{"start":{"line":87,"column":20},"end":{"line":87,"column":21}},"loc":{"start":{"line":88,"column":10},"end":{"line":103,"column":29}},"line":88},"6":{"name":"(anonymous_6)","decl":{"start":{"line":93,"column":21},"end":{"line":93,"column":22}},"loc":{"start":{"line":93,"column":27},"end":{"line":93,"column":52}},"line":93},"7":{"name":"(anonymous_7)","decl":{"start":{"line":105,"column":22},"end":{"line":105,"column":23}},"loc":{"start":{"line":105,"column":30},"end":{"line":105,"column":34}},"line":105},"8":{"name":"(anonymous_8)","decl":{"start":{"line":110,"column":21},"end":{"line":110,"column":22}},"loc":{"start":{"line":111,"column":4},"end":{"line":113,"column":11}},"line":111},"9":{"name":"(anonymous_9)","decl":{"start":{"line":141,"column":24},"end":{"line":141,"column":25}},"loc":{"start":{"line":141,"column":34},"end":{"line":141,"column":41}},"line":141}},"branchMap":{"0":{"loc":{"start":{"line":41,"column":6},"end":{"line":43,"column":7}},"type":"if","locations":[{"start":{"line":41,"column":6},"end":{"line":43,"column":7}},{"start":{},"end":{}}],"line":41},"1":{"loc":{"start":{"line":48,"column":15},"end":{"line":48,"column":59}},"type":"binary-expr","locations":[{"start":{"line":48,"column":15},"end":{"line":48,"column":26}},{"start":{"line":48,"column":30},"end":{"line":48,"column":59}}],"line":48},"2":{"loc":{"start":{"line":91,"column":14},"end":{"line":91,"column":70}},"type":"binary-expr","locations":[{"start":{"line":91,"column":14},"end":{"line":91,"column":39}},{"start":{"line":91,"column":43},"end":{"line":91,"column":70}}],"line":91},"3":{"loc":{"start":{"line":98,"column":16},"end":{"line":98,"column":70}},"type":"binary-expr","locations":[{"start":{"line":98,"column":16},"end":{"line":98,"column":41}},{"start":{"line":98,"column":45},"end":{"line":98,"column":70}}],"line":98},"4":{"loc":{"start":{"line":116,"column":2},"end":{"line":122,"column":3}},"type":"if","locations":[{"start":{"line":116,"column":2},"end":{"line":122,"column":3}},{"start":{},"end":{}}],"line":116},"5":{"loc":{"start":{"line":124,"column":2},"end":{"line":133,"column":3}},"type":"if","locations":[{"start":{"line":124,"column":2},"end":{"line":133,"column":3}},{"start":{},"end":{}}],"line":124},"6":{"loc":{"start":{"line":198,"column":12},"end":{"line":198,"column":50}},"type":"cond-expr","locations":[{"start":{"line":198,"column":36},"end":{"line":198,"column":38}},{"start":{"line":198,"column":41},"end":{"line":198,"column":50}}],"line":198}},"s":{"0":0,"1":0,"2":0,"3":0,"4":0,"5":0,"6":0,"7":0,"8":0,"9":0,"10":0,"11":0,"12":0,"13":0,"14":0,"15":0,"16":0,"17":0,"18":0,"19":0,"20":0,"21":0,"22":0,"23":0,"24":0,"25":0,"26":0,"27":0,"28":0,"29":0,"30":0,"31":0,"32":0,"33":0,"34":0,"35":0,"36":0},"f":{"0":0,"1":0,"2":0,"3":0,"4":0,"5":0,"6":0,"7":0,"8":0,"9":0},"b":{"0":[0,0],"1":[0,0],"2":[0,0],"3":[0,0],"4":[0,0],"5":[0,0],"6":[0,0]}}
,"D:\\learn-expo\\app\\(tabs)\\profile.tsx": {"path":"D:\\learn-expo\\app\\(tabs)\\profile.tsx","statementMap":{"0":{"start":{"line":17,"column":32},"end":{"line":201,"column":1}},"1":{"start":{"line":18,"column":27},"end":{"line":18,"column":50}},"2":{"start":{"line":19,"column":17},"end":{"line":19,"column":28}},"3":{"start":{"line":20,"column":44},"end":{"line":20,"column":58}},"4":{"start":{"line":21,"column":36},"end":{"line":21,"column":51}},"5":{"start":{"line":23,"column":23},"end":{"line":49,"column":3}},"6":{"start":{"line":24,"column":4},"end":{"line":48,"column":6}},"7":{"start":{"line":36,"column":12},"end":{"line":36,"column":31}},"8":{"start":{"line":37,"column":12},"end":{"line":44,"column":13}},"9":{"start":{"line":38,"column":14},"end":{"line":38,"column":29}},"10":{"start":{"line":39,"column":14},"end":{"line":39,"column":39}},"11":{"start":{"line":41,"column":14},"end":{"line":41,"column":74}},"12":{"start":{"line":43,"column":14},"end":{"line":43,"column":34}},"13":{"start":{"line":51,"column":28},"end":{"line":54,"column":3}},"14":{"start":{"line":53,"column":4},"end":{"line":53,"column":33}},"15":{"start":{"line":56,"column":27},"end":{"line":59,"column":3}},"16":{"start":{"line":58,"column":4},"end":{"line":58,"column":32}},"17":{"start":{"line":61,"column":25},"end":{"line":64,"column":3}},"18":{"start":{"line":63,"column":4},"end":{"line":63,"column":29}},"19":{"start":{"line":66,"column":2},"end":{"line":72,"column":3}},"20":{"start":{"line":67,"column":4},"end":{"line":71,"column":6}},"21":{"start":{"line":74,"column":2},"end":{"line":200,"column":4}},"22":{"start":{"line":203,"column":15},"end":{"line":346,"column":2}}},"fnMap":{"0":{"name":"(anonymous_0)","decl":{"start":{"line":17,"column":32},"end":{"line":17,"column":33}},"loc":{"start":{"line":17,"column":38},"end":{"line":201,"column":1}},"line":17},"1":{"name":"(anonymous_1)","decl":{"start":{"line":23,"column":23},"end":{"line":23,"column":24}},"loc":{"start":{"line":23,"column":35},"end":{"line":49,"column":3}},"line":23},"2":{"name":"(anonymous_2)","decl":{"start":{"line":35,"column":19},"end":{"line":35,"column":20}},"loc":{"start":{"line":35,"column":31},"end":{"line":45,"column":11}},"line":35},"3":{"name":"(anonymous_3)","decl":{"start":{"line":51,"column":28},"end":{"line":51,"column":29}},"loc":{"start":{"line":51,"column":34},"end":{"line":54,"column":3}},"line":51},"4":{"name":"(anonymous_4)","decl":{"start":{"line":56,"column":27},"end":{"line":56,"column":28}},"loc":{"start":{"line":56,"column":33},"end":{"line":59,"column":3}},"line":56},"5":{"name":"(anonymous_5)","decl":{"start":{"line":61,"column":25},"end":{"line":61,"column":26}},"loc":{"start":{"line":61,"column":31},"end":{"line":64,"column":3}},"line":61}},"branchMap":{"0":{"loc":{"start":{"line":66,"column":2},"end":{"line":72,"column":3}},"type":"if","locations":[{"start":{"line":66,"column":2},"end":{"line":72,"column":3}},{"start":{},"end":{}}],"line":66},"1":{"loc":{"start":{"line":92,"column":20},"end":{"line":92,"column":71}},"type":"cond-expr","locations":[{"start":{"line":92,"column":50},"end":{"line":92,"column":60}},{"start":{"line":92,"column":63},"end":{"line":92,"column":71}}],"line":92},"2":{"loc":{"start":{"line":97,"column":15},"end":{"line":97,"column":79}},"type":"cond-expr","locations":[{"start":{"line":97,"column":45},"end":{"line":97,"column":61}},{"start":{"line":97,"column":64},"end":{"line":97,"column":79}}],"line":97},"3":{"loc":{"start":{"line":110,"column":9},"end":{"line":115,"column":9}},"type":"binary-expr","locations":[{"start":{"line":110,"column":9},"end":{"line":110,"column":36}},{"start":{"line":111,"column":10},"end":{"line":114,"column":29}}],"line":110},"4":{"loc":{"start":{"line":157,"column":26},"end":{"line":157,"column":63}},"type":"cond-expr","locations":[{"start":{"line":157,"column":42},"end":{"line":157,"column":51}},{"start":{"line":157,"column":54},"end":{"line":157,"column":63}}],"line":157}},"s":{"0":0,"1":0,"2":0,"3":0,"4":0,"5":0,"6":0,"7":0,"8":0,"9":0,"10":0,"11":0,"12":0,"13":0,"14":0,"15":0,"16":0,"17":0,"18":0,"19":0,"20":0,"21":0,"22":0},"f":{"0":0,"1":0,"2":0,"3":0,"4":0,"5":0},"b":{"0":[0,0],"1":[0,0],"2":[0,0],"3":[0,0],"4":[0,0]}}
,"D:\\learn-expo\\app\\lib\\AuthContext.tsx": {"path":"D:\\learn-expo\\app\\lib\\AuthContext.tsx","statementMap":{"0":{"start":{"line":20,"column":27},"end":{"line":24,"column":2}},"1":{"start":{"line":26,"column":69},"end":{"line":77,"column":1}},"2":{"start":{"line":27,"column":26},"end":{"line":27,"column":53}},"3":{"start":{"line":29,"column":2},"end":{"line":42,"column":9}},"4":{"start":{"line":30,"column":32},"end":{"line":39,"column":5}},"5":{"start":{"line":31,"column":6},"end":{"line":38,"column":7}},"6":{"start":{"line":32,"column":27},"end":{"line":32,"column":61}},"7":{"start":{"line":33,"column":8},"end":{"line":35,"column":9}},"8":{"start":{"line":34,"column":10},"end":{"line":34,"column":42}},"9":{"start":{"line":37,"column":8},"end":{"line":37,"column":65}},"10":{"start":{"line":41,"column":4},"end":{"line":41,"column":26}},"11":{"start":{"line":44,"column":2},"end":{"line":58,"column":13}},"12":{"start":{"line":45,"column":30},"end":{"line":55,"column":5}},"13":{"start":{"line":46,"column":6},"end":{"line":54,"column":7}},"14":{"start":{"line":47,"column":8},"end":{"line":51,"column":9}},"15":{"start":{"line":48,"column":10},"end":{"line":48,"column":67}},"16":{"start":{"line":50,"column":10},"end":{"line":50,"column":48}},"17":{"start":{"line":53,"column":8},"end":{"line":53,"column":62}},"18":{"start":{"line":57,"column":4},"end":{"line":57,"column":24}},"19":{"start":{"line":61,"column":17},"end":{"line":70,"column":3}},"20":{"start":{"line":62,"column":4},"end":{"line":69,"column":5}},"21":{"start":{"line":63,"column":6},"end":{"line":63,"column":44}},"22":{"start":{"line":64,"column":6},"end":{"line":64,"column":45}},"23":{"start":{"line":65,"column":6},"end":{"line":65,"column":20}},"24":{"start":{"line":68,"column":6},"end":{"line":68,"column":51}},"25":{"start":{"line":72,"column":2},"end":{"line":76,"column":4}}},"fnMap":{"0":{"name":"(anonymous_0)","decl":{"start":{"line":22,"column":11},"end":{"line":22,"column":12}},"loc":{"start":{"line":22,"column":17},"end":{"line":22,"column":19}},"line":22},"1":{"name":"(anonymous_1)","decl":{"start":{"line":23,"column":10},"end":{"line":23,"column":11}},"loc":{"start":{"line":23,"column":22},"end":{"line":23,"column":24}},"line":23},"2":{"name":"(anonymous_2)","decl":{"start":{"line":26,"column":69},"end":{"line":26,"column":70}},"loc":{"start":{"line":26,"column":87},"end":{"line":77,"column":1}},"line":26},"3":{"name":"(anonymous_3)","decl":{"start":{"line":29,"column":12},"end":{"line":29,"column":13}},"loc":{"start":{"line":29,"column":18},"end":{"line":42,"column":3}},"line":29},"4":{"name":"(anonymous_4)","decl":{"start":{"line":30,"column":32},"end":{"line":30,"column":33}},"loc":{"start":{"line":30,"column":44},"end":{"line":39,"column":5}},"line":30},"5":{"name":"(anonymous_5)","decl":{"start":{"line":44,"column":12},"end":{"line":44,"column":13}},"loc":{"start":{"line":44,"column":18},"end":{"line":58,"column":3}},"line":44},"6":{"name":"(anonymous_6)","decl":{"start":{"line":45,"column":30},"end":{"line":45,"column":31}},"loc":{"start":{"line":45,"column":42},"end":{"line":55,"column":5}},"line":45},"7":{"name":"(anonymous_7)","decl":{"start":{"line":61,"column":17},"end":{"line":61,"column":18}},"loc":{"start":{"line":61,"column":29},"end":{"line":70,"column":3}},"line":61}},"branchMap":{"0":{"loc":{"start":{"line":33,"column":8},"end":{"line":35,"column":9}},"type":"if","locations":[{"start":{"line":33,"column":8},"end":{"line":35,"column":9}},{"start":{},"end":{}}],"line":33},"1":{"loc":{"start":{"line":47,"column":8},"end":{"line":51,"column":9}},"type":"if","locations":[{"start":{"line":47,"column":8},"end":{"line":51,"column":9}},{"start":{"line":49,"column":15},"end":{"line":51,"column":9}}],"line":47}},"s":{"0":1,"1":1,"2":0,"3":0,"4":0,"5":0,"6":0,"7":0,"8":0,"9":0,"10":0,"11":0,"12":0,"13":0,"14":0,"15":0,"16":0,"17":0,"18":0,"19":0,"20":0,"21":0,"22":0,"23":0,"24":0,"25":0},"f":{"0":0,"1":0,"2":0,"3":0,"4":0,"5":0,"6":0,"7":0},"b":{"0":[0,0],"1":[0,0]},"_coverageSchema":"1a1c01bbd47fc00a2c39e90264f33305004495a9","hash":"50bfaabcd877598bcf33a730e4ce685b0a42cc54"}
,"D:\\learn-expo\\app\\lib\\config.tsx": {"path":"D:\\learn-expo\\app\\lib\\config.tsx","statementMap":{"0":{"start":{"line":4,"column":23},"end":{"line":4,"column":52}}},"fnMap":{},"branchMap":{},"s":{"0":1},"f":{},"b":{},"_coverageSchema":"1a1c01bbd47fc00a2c39e90264f33305004495a9","hash":"9f044c51f82d413e2f85de435db0447830e9e0f8"}
,"D:\\learn-expo\\app\\property\\[id].tsx": {"path":"D:\\learn-expo\\app\\property\\[id].tsx","statementMap":{"0":{"start":{"line":39,"column":40},"end":{"line":447,"column":1}},"1":{"start":{"line":40,"column":16},"end":{"line":40,"column":26}},"2":{"start":{"line":41,"column":17},"end":{"line":41,"column":28}},"3":{"start":{"line":42,"column":17},"end":{"line":42,"column":54}},"4":{"start":{"line":43,"column":26},"end":{"line":43,"column":53}},"5":{"start":{"line":44,"column":32},"end":{"line":44,"column":46}},"6":{"start":{"line":45,"column":28},"end":{"line":45,"column":57}},"7":{"start":{"line":46,"column":52},"end":{"line":46,"column":63}},"8":{"start":{"line":47,"column":42},"end":{"line":47,"column":76}},"9":{"start":{"line":48,"column":50},"end":{"line":48,"column":84}},"10":{"start":{"line":49,"column":34},"end":{"line":49,"column":63}},"11":{"start":{"line":50,"column":62},"end":{"line":50,"column":76}},"12":{"start":{"line":51,"column":42},"end":{"line":51,"column":53}},"13":{"start":{"line":53,"column":2},"end":{"line":76,"column":15}},"14":{"start":{"line":54,"column":22},"end":{"line":68,"column":5}},"15":{"start":{"line":55,"column":6},"end":{"line":67,"column":7}},"16":{"start":{"line":56,"column":25},"end":{"line":56,"column":70}},"17":{"start":{"line":57,"column":8},"end":{"line":59,"column":9}},"18":{"start":{"line":58,"column":10},"end":{"line":58,"column":68}},"19":{"start":{"line":60,"column":27},"end":{"line":60,"column":48}},"20":{"start":{"line":61,"column":8},"end":{"line":61,"column":22}},"21":{"start":{"line":63,"column":8},"end":{"line":63,"column":51}},"22":{"start":{"line":64,"column":8},"end":{"line":64,"column":69}},"23":{"start":{"line":66,"column":8},"end":{"line":66,"column":26}},"24":{"start":{"line":70,"column":4},"end":{"line":75,"column":5}},"25":{"start":{"line":71,"column":6},"end":{"line":71,"column":18}},"26":{"start":{"line":73,"column":6},"end":{"line":73,"column":41}},"27":{"start":{"line":74,"column":6},"end":{"line":74,"column":24}},"28":{"start":{"line":79,"column":2},"end":{"line":125,"column":70}},"29":{"start":{"line":80,"column":28},"end":{"line":80,"column":32}},"30":{"start":{"line":82,"column":31},"end":{"line":116,"column":5}},"31":{"start":{"line":83,"column":6},"end":{"line":115,"column":7}},"32":{"start":{"line":84,"column":8},"end":{"line":84,"column":46}},"33":{"start":{"line":85,"column":8},"end":{"line":85,"column":44}},"34":{"start":{"line":87,"column":8},"end":{"line":112,"column":11}},"35":{"start":{"line":88,"column":10},"end":{"line":88,"column":90}},"36":{"start":{"line":88,"column":83},"end":{"line":88,"column":90}},"37":{"start":{"line":90,"column":22},"end":{"line":90,"column":32}},"38":{"start":{"line":91,"column":10},"end":{"line":91,"column":47}},"39":{"start":{"line":91,"column":40},"end":{"line":91,"column":47}},"40":{"start":{"line":94,"column":24},"end":{"line":94,"column":44}},"41":{"start":{"line":97,"column":32},"end":{"line":97,"column":35}},"42":{"start":{"line":99,"column":10},"end":{"line":111,"column":11}},"43":{"start":{"line":101,"column":12},"end":{"line":104,"column":13}},"44":{"start":{"line":102,"column":14},"end":{"line":102,"column":53}},"45":{"start":{"line":102,"column":43},"end":{"line":102,"column":51}},"46":{"start":{"line":103,"column":14},"end":{"line":103,"column":35}},"47":{"start":{"line":105,"column":17},"end":{"line":111,"column":11}},"48":{"start":{"line":107,"column":12},"end":{"line":110,"column":13}},"49":{"start":{"line":108,"column":14},"end":{"line":108,"column":53}},"50":{"start":{"line":108,"column":43},"end":{"line":108,"column":51}},"51":{"start":{"line":109,"column":14},"end":{"line":109,"column":35}},"52":{"start":{"line":114,"column":8},"end":{"line":114,"column":61}},"53":{"start":{"line":118,"column":4},"end":{"line":118,"column":25}},"54":{"start":{"line":120,"column":4},"end":{"line":124,"column":6}},"55":{"start":{"line":121,"column":6},"end":{"line":123,"column":7}},"56":{"start":{"line":122,"column":8},"end":{"line":122,"column":30}},"57":{"start":{"line":129,"column":32},"end":{"line":136,"column":3}},"58":{"start":{"line":130,"column":23},"end":{"line":130,"column":73}},"59":{"start":{"line":131,"column":4},"end":{"line":134,"column":5}},"60":{"start":{"line":132,"column":6},"end":{"line":132,"column":100}},"61":{"start":{"line":133,"column":6},"end":{"line":133,"column":19}},"62":{"start":{"line":135,"column":4},"end":{"line":135,"column":16}},"63":{"start":{"line":138,"column":26},"end":{"line":151,"column":3}},"64":{"start":{"line":139,"column":4},"end":{"line":150,"column":5}},"65":{"start":{"line":140,"column":28},"end":{"line":140,"column":57}},"66":{"start":{"line":141,"column":6},"end":{"line":141,"column":33}},"67":{"start":{"line":141,"column":26},"end":{"line":141,"column":33}},"68":{"start":{"line":143,"column":23},"end":{"line":143,"column":65}},"69":{"start":{"line":144,"column":6},"end":{"line":147,"column":9}},"70":{"start":{"line":149,"column":6},"end":{"line":149,"column":59}},"71":{"start":{"line":153,"column":33},"end":{"line":181,"column":3}},"72":{"start":{"line":154,"column":4},"end":{"line":180,"column":5}},"73":{"start":{"line":155,"column":29},"end":{"line":155,"column":56}},"74":{"start":{"line":156,"column":23},"end":{"line":164,"column":7}},"75":{"start":{"line":166,"column":6},"end":{"line":168,"column":7}},"76":{"start":{"line":167,"column":8},"end":{"line":167,"column":66}},"77":{"start":{"line":170,"column":19},"end":{"line":170,"column":40}},"78":{"start":{"line":172,"column":6},"end":{"line":177,"column":7}},"79":{"start":{"line":173,"column":8},"end":{"line":176,"column":11}},"80":{"start":{"line":179,"column":6},"end":{"line":179,"column":55}},"81":{"start":{"line":183,"column":28},"end":{"line":199,"column":3}},"82":{"start":{"line":184,"column":14},"end":{"line":184,"column":18}},"83":{"start":{"line":185,"column":17},"end":{"line":185,"column":70}},"84":{"start":{"line":186,"column":17},"end":{"line":186,"column":72}},"85":{"start":{"line":188,"column":6},"end":{"line":191,"column":45}},"86":{"start":{"line":192,"column":14},"end":{"line":192,"column":60}},"87":{"start":{"line":193,"column":21},"end":{"line":193,"column":26}},"88":{"start":{"line":195,"column":4},"end":{"line":197,"column":5}},"89":{"start":{"line":196,"column":6},"end":{"line":196,"column":49}},"90":{"start":{"line":198,"column":4},"end":{"line":198,"column":39}},"91":{"start":{"line":201,"column":2},"end":{"line":203,"column":9}},"92":{"start":{"line":202,"column":4},"end":{"line":202,"column":22}},"93":{"start":{"line":205,"column":2},"end":{"line":210,"column":13}},"94":{"start":{"line":206,"column":4},"end":{"line":209,"column":5}},"95":{"start":{"line":207,"column":26},"end":{"line":207,"column":57}},"96":{"start":{"line":208,"column":6},"end":{"line":208,"column":42}},"97":{"start":{"line":212,"column":2},"end":{"line":217,"column":39}},"98":{"start":{"line":213,"column":4},"end":{"line":216,"column":5}},"99":{"start":{"line":214,"column":19},"end":{"line":214,"column":68}},"100":{"start":{"line":215,"column":6},"end":{"line":215,"column":24}},"101":{"start":{"line":219,"column":27},"end":{"line":239,"column":3}},"102":{"start":{"line":220,"column":4},"end":{"line":238,"column":5}},"103":{"start":{"line":221,"column":26},"end":{"line":221,"column":38}},"104":{"start":{"line":222,"column":22},"end":{"line":222,"column":68}},"105":{"start":{"line":224,"column":6},"end":{"line":231,"column":7}},"106":{"start":{"line":225,"column":8},"end":{"line":225,"column":52}},"107":{"start":{"line":227,"column":8},"end":{"line":230,"column":10}},"108":{"start":{"line":233,"column":6},"end":{"line":233,"column":58}},"109":{"start":{"line":234,"column":6},"end":{"line":237,"column":8}},"110":{"start":{"line":241,"column":30},"end":{"line":255,"column":3}},"111":{"start":{"line":242,"column":4},"end":{"line":254,"column":5}},"112":{"start":{"line":243,"column":22},"end":{"line":243,"column":53}},"113":{"start":{"line":244,"column":29},"end":{"line":244,"column":56}},"114":{"start":{"line":245,"column":18},"end":{"line":245,"column":85}},"115":{"start":{"line":246,"column":6},"end":{"line":251,"column":9}},"116":{"start":{"line":247,"column":8},"end":{"line":250,"column":10}},"117":{"start":{"line":253,"column":6},"end":{"line":253,"column":68}},"118":{"start":{"line":257,"column":20},"end":{"line":261,"column":3}},"119":{"start":{"line":258,"column":4},"end":{"line":260,"column":5}},"120":{"start":{"line":259,"column":6},"end":{"line":259,"column":45}},"121":{"start":{"line":259,"column":35},"end":{"line":259,"column":43}},"122":{"start":{"line":263,"column":24},"end":{"line":267,"column":3}},"123":{"start":{"line":264,"column":4},"end":{"line":266,"column":5}},"124":{"start":{"line":265,"column":6},"end":{"line":265,"column":45}},"125":{"start":{"line":265,"column":35},"end":{"line":265,"column":43}},"126":{"start":{"line":269,"column":30},"end":{"line":275,"column":3}},"127":{"start":{"line":270,"column":4},"end":{"line":270,"column":55}},"128":{"start":{"line":271,"column":4},"end":{"line":274,"column":6}},"129":{"start":{"line":277,"column":2},"end":{"line":283,"column":3}},"130":{"start":{"line":278,"column":4},"end":{"line":282,"column":6}},"131":{"start":{"line":285,"column":2},"end":{"line":291,"column":3}},"132":{"start":{"line":286,"column":4},"end":{"line":290,"column":6}},"133":{"start":{"line":293,"column":2},"end":{"line":299,"column":3}},"134":{"start":{"line":294,"column":4},"end":{"line":298,"column":6}},"135":{"start":{"line":301,"column":2},"end":{"line":446,"column":4}},"136":{"start":{"line":449,"column":15},"end":{"line":687,"column":2}}},"fnMap":{"0":{"name":"(anonymous_0)","decl":{"start":{"line":39,"column":40},"end":{"line":39,"column":41}},"loc":{"start":{"line":39,"column":46},"end":{"line":447,"column":1}},"line":39},"1":{"name":"(anonymous_1)","decl":{"start":{"line":53,"column":12},"end":{"line":53,"column":13}},"loc":{"start":{"line":53,"column":18},"end":{"line":76,"column":3}},"line":53},"2":{"name":"(anonymous_2)","decl":{"start":{"line":54,"column":22},"end":{"line":54,"column":23}},"loc":{"start":{"line":54,"column":34},"end":{"line":68,"column":5}},"line":54},"3":{"name":"(anonymous_3)","decl":{"start":{"line":79,"column":12},"end":{"line":79,"column":13}},"loc":{"start":{"line":79,"column":18},"end":{"line":125,"column":3}},"line":79},"4":{"name":"(anonymous_4)","decl":{"start":{"line":82,"column":31},"end":{"line":82,"column":32}},"loc":{"start":{"line":82,"column":43},"end":{"line":116,"column":5}},"line":82},"5":{"name":"(anonymous_5)","decl":{"start":{"line":87,"column":48},"end":{"line":87,"column":49}},"loc":{"start":{"line":87,"column":66},"end":{"line":112,"column":9}},"line":87},"6":{"name":"(anonymous_6)","decl":{"start":{"line":102,"column":35},"end":{"line":102,"column":36}},"loc":{"start":{"line":102,"column":43},"end":{"line":102,"column":51}},"line":102},"7":{"name":"(anonymous_7)","decl":{"start":{"line":108,"column":35},"end":{"line":108,"column":36}},"loc":{"start":{"line":108,"column":43},"end":{"line":108,"column":51}},"line":108},"8":{"name":"(anonymous_8)","decl":{"start":{"line":120,"column":11},"end":{"line":120,"column":12}},"loc":{"start":{"line":120,"column":17},"end":{"line":124,"column":5}},"line":120},"9":{"name":"(anonymous_9)","decl":{"start":{"line":129,"column":32},"end":{"line":129,"column":33}},"loc":{"start":{"line":129,"column":44},"end":{"line":136,"column":3}},"line":129},"10":{"name":"(anonymous_10)","decl":{"start":{"line":138,"column":26},"end":{"line":138,"column":27}},"loc":{"start":{"line":138,"column":38},"end":{"line":151,"column":3}},"line":138},"11":{"name":"(anonymous_11)","decl":{"start":{"line":153,"column":33},"end":{"line":153,"column":34}},"loc":{"start":{"line":153,"column":60},"end":{"line":181,"column":3}},"line":153},"12":{"name":"(anonymous_12)","decl":{"start":{"line":183,"column":28},"end":{"line":183,"column":29}},"loc":{"start":{"line":183,"column":74},"end":{"line":199,"column":3}},"line":183},"13":{"name":"(anonymous_13)","decl":{"start":{"line":201,"column":12},"end":{"line":201,"column":13}},"loc":{"start":{"line":201,"column":18},"end":{"line":203,"column":3}},"line":201},"14":{"name":"(anonymous_14)","decl":{"start":{"line":205,"column":12},"end":{"line":205,"column":13}},"loc":{"start":{"line":205,"column":18},"end":{"line":210,"column":3}},"line":205},"15":{"name":"(anonymous_15)","decl":{"start":{"line":212,"column":12},"end":{"line":212,"column":13}},"loc":{"start":{"line":212,"column":18},"end":{"line":217,"column":3}},"line":212},"16":{"name":"(anonymous_16)","decl":{"start":{"line":219,"column":27},"end":{"line":219,"column":28}},"loc":{"start":{"line":219,"column":39},"end":{"line":239,"column":3}},"line":219},"17":{"name":"(anonymous_17)","decl":{"start":{"line":241,"column":30},"end":{"line":241,"column":31}},"loc":{"start":{"line":241,"column":36},"end":{"line":255,"column":3}},"line":241},"18":{"name":"(anonymous_18)","decl":{"start":{"line":246,"column":33},"end":{"line":246,"column":34}},"loc":{"start":{"line":246,"column":40},"end":{"line":251,"column":7}},"line":246},"19":{"name":"(anonymous_19)","decl":{"start":{"line":257,"column":20},"end":{"line":257,"column":21}},"loc":{"start":{"line":257,"column":26},"end":{"line":261,"column":3}},"line":257},"20":{"name":"(anonymous_20)","decl":{"start":{"line":259,"column":27},"end":{"line":259,"column":28}},"loc":{"start":{"line":259,"column":35},"end":{"line":259,"column":43}},"line":259},"21":{"name":"(anonymous_21)","decl":{"start":{"line":263,"column":24},"end":{"line":263,"column":25}},"loc":{"start":{"line":263,"column":30},"end":{"line":267,"column":3}},"line":263},"22":{"name":"(anonymous_22)","decl":{"start":{"line":265,"column":27},"end":{"line":265,"column":28}},"loc":{"start":{"line":265,"column":35},"end":{"line":265,"column":43}},"line":265},"23":{"name":"(anonymous_23)","decl":{"start":{"line":269,"column":30},"end":{"line":269,"column":31}},"loc":{"start":{"line":269,"column":36},"end":{"line":275,"column":3}},"line":269}},"branchMap":{"0":{"loc":{"start":{"line":42,"column":17},"end":{"line":42,"column":54}},"type":"binary-expr","locations":[{"start":{"line":42,"column":17},"end":{"line":42,"column":33}},{"start":{"line":42,"column":37},"end":{"line":42,"column":54}}],"line":42},"1":{"loc":{"start":{"line":57,"column":8},"end":{"line":59,"column":9}},"type":"if","locations":[{"start":{"line":57,"column":8},"end":{"line":59,"column":9}},{"start":{},"end":{}}],"line":57},"2":{"loc":{"start":{"line":64,"column":17},"end":{"line":64,"column":67}},"type":"binary-expr","locations":[{"start":{"line":64,"column":17},"end":{"line":64,"column":28}},{"start":{"line":64,"column":32},"end":{"line":64,"column":67}}],"line":64},"3":{"loc":{"start":{"line":70,"column":4},"end":{"line":75,"column":5}},"type":"if","locations":[{"start":{"line":70,"column":4},"end":{"line":75,"column":5}},{"start":{"line":72,"column":11},"end":{"line":75,"column":5}}],"line":70},"4":{"loc":{"start":{"line":88,"column":10},"end":{"line":88,"column":90}},"type":"if","locations":[{"start":{"line":88,"column":10},"end":{"line":88,"column":90}},{"start":{},"end":{}}],"line":88},"5":{"loc":{"start":{"line":88,"column":14},"end":{"line":88,"column":81}},"type":"binary-expr","locations":[{"start":{"line":88,"column":14},"end":{"line":88,"column":37}},{"start":{"line":88,"column":41},"end":{"line":88,"column":54}},{"start":{"line":88,"column":58},"end":{"line":88,"column":81}}],"line":88},"6":{"loc":{"start":{"line":91,"column":10},"end":{"line":91,"column":47}},"type":"if","locations":[{"start":{"line":91,"column":10},"end":{"line":91,"column":47}},{"start":{},"end":{}}],"line":91},"7":{"loc":{"start":{"line":94,"column":24},"end":{"line":94,"column":44}},"type":"binary-expr","locations":[{"start":{"line":94,"column":24},"end":{"line":94,"column":39}},{"start":{"line":94,"column":43},"end":{"line":94,"column":44}}],"line":94},"8":{"loc":{"start":{"line":99,"column":10},"end":{"line":111,"column":11}},"type":"if","locations":[{"start":{"line":99,"column":10},"end":{"line":111,"column":11}},{"start":{"line":105,"column":17},"end":{"line":111,"column":11}}],"line":99},"9":{"loc":{"start":{"line":101,"column":12},"end":{"line":104,"column":13}},"type":"if","locations":[{"start":{"line":101,"column":12},"end":{"line":104,"column":13}},{"start":{},"end":{}}],"line":101},"10":{"loc":{"start":{"line":105,"column":17},"end":{"line":111,"column":11}},"type":"if","locations":[{"start":{"line":105,"column":17},"end":{"line":111,"column":11}},{"start":{},"end":{}}],"line":105},"11":{"loc":{"start":{"line":107,"column":12},"end":{"line":110,"column":13}},"type":"if","locations":[{"start":{"line":107,"column":12},"end":{"line":110,"column":13}},{"start":{},"end":{}}],"line":107},"12":{"loc":{"start":{"line":121,"column":6},"end":{"line":123,"column":7}},"type":"if","locations":[{"start":{"line":121,"column":6},"end":{"line":123,"column":7}},{"start":{},"end":{}}],"line":121},"13":{"loc":{"start":{"line":131,"column":4},"end":{"line":134,"column":5}},"type":"if","locations":[{"start":{"line":131,"column":4},"end":{"line":134,"column":5}},{"start":{},"end":{}}],"line":131},"14":{"loc":{"start":{"line":141,"column":6},"end":{"line":141,"column":33}},"type":"if","locations":[{"start":{"line":141,"column":6},"end":{"line":141,"column":33}},{"start":{},"end":{}}],"line":141},"15":{"loc":{"start":{"line":166,"column":6},"end":{"line":168,"column":7}},"type":"if","locations":[{"start":{"line":166,"column":6},"end":{"line":168,"column":7}},{"start":{},"end":{}}],"line":166},"16":{"loc":{"start":{"line":172,"column":6},"end":{"line":177,"column":7}},"type":"if","locations":[{"start":{"line":172,"column":6},"end":{"line":177,"column":7}},{"start":{},"end":{}}],"line":172},"17":{"loc":{"start":{"line":172,"column":10},"end":{"line":172,"column":25}},"type":"binary-expr","locations":[{"start":{"line":172,"column":10},"end":{"line":172,"column":14}},{"start":{"line":172,"column":18},"end":{"line":172,"column":25}}],"line":172},"18":{"loc":{"start":{"line":195,"column":4},"end":{"line":197,"column":5}},"type":"if","locations":[{"start":{"line":195,"column":4},"end":{"line":197,"column":5}},{"start":{},"end":{}}],"line":195},"19":{"loc":{"start":{"line":206,"column":4},"end":{"line":209,"column":5}},"type":"if","locations":[{"start":{"line":206,"column":4},"end":{"line":209,"column":5}},{"start":{},"end":{}}],"line":206},"20":{"loc":{"start":{"line":206,"column":8},"end":{"line":206,"column":35}},"type":"binary-expr","locations":[{"start":{"line":206,"column":8},"end":{"line":206,"column":21}},{"start":{"line":206,"column":25},"end":{"line":206,"column":35}}],"line":206},"21":{"loc":{"start":{"line":213,"column":4},"end":{"line":216,"column":5}},"type":"if","locations":[{"start":{"line":213,"column":4},"end":{"line":216,"column":5}},{"start":{},"end":{}}],"line":213},"22":{"loc":{"start":{"line":213,"column":8},"end":{"line":213,"column":40}},"type":"binary-expr","locations":[{"start":{"line":213,"column":8},"end":{"line":213,"column":20}},{"start":{"line":213,"column":24},"end":{"line":213,"column":40}}],"line":213},"23":{"loc":{"start":{"line":224,"column":6},"end":{"line":231,"column":7}},"type":"if","locations":[{"start":{"line":224,"column":6},"end":{"line":231,"column":7}},{"start":{"line":226,"column":13},"end":{"line":231,"column":7}}],"line":224},"24":{"loc":{"start":{"line":242,"column":4},"end":{"line":254,"column":5}},"type":"if","locations":[{"start":{"line":242,"column":4},"end":{"line":254,"column":5}},{"start":{"line":252,"column":11},"end":{"line":254,"column":5}}],"line":242},"25":{"loc":{"start":{"line":242,"column":8},"end":{"line":242,"column":35}},"type":"binary-expr","locations":[{"start":{"line":242,"column":8},"end":{"line":242,"column":21}},{"start":{"line":242,"column":25},"end":{"line":242,"column":35}}],"line":242},"26":{"loc":{"start":{"line":258,"column":4},"end":{"line":260,"column":5}},"type":"if","locations":[{"start":{"line":258,"column":4},"end":{"line":260,"column":5}},{"start":{},"end":{}}],"line":258},"27":{"loc":{"start":{"line":258,"column":8},"end":{"line":258,"column":66}},"type":"binary-expr","locations":[{"start":{"line":258,"column":8},"end":{"line":258,"column":20}},{"start":{"line":258,"column":24},"end":{"line":258,"column":66}}],"line":258},"28":{"loc":{"start":{"line":264,"column":4},"end":{"line":266,"column":5}},"type":"if","locations":[{"start":{"line":264,"column":4},"end":{"line":266,"column":5}},{"start":{},"end":{}}],"line":264},"29":{"loc":{"start":{"line":273,"column":6},"end":{"line":273,"column":137}},"type":"cond-expr","locations":[{"start":{"line":273,"column":31},"end":{"line":273,"column":57}},{"start":{"line":273,"column":60},"end":{"line":273,"column":137}}],"line":273},"30":{"loc":{"start":{"line":277,"column":2},"end":{"line":283,"column":3}},"type":"if","locations":[{"start":{"line":277,"column":2},"end":{"line":283,"column":3}},{"start":{},"end":{}}],"line":277},"31":{"loc":{"start":{"line":285,"column":2},"end":{"line":291,"column":3}},"type":"if","locations":[{"start":{"line":285,"column":2},"end":{"line":291,"column":3}},{"start":{},"end":{}}],"line":285},"32":{"loc":{"start":{"line":293,"column":2},"end":{"line":299,"column":3}},"type":"if","locations":[{"start":{"line":293,"column":2},"end":{"line":299,"column":3}},{"start":{},"end":{}}],"line":293},"33":{"loc":{"start":{"line":310,"column":11},"end":{"line":351,"column":11}},"type":"cond-expr","locations":[{"start":{"line":311,"column":12},"end":{"line":345,"column":15}},{"start":{"line":347,"column":12},"end":{"line":350,"column":19}}],"line":310},"34":{"loc":{"start":{"line":310,"column":11},"end":{"line":310,"column":48}},"type":"binary-expr","locations":[{"start":{"line":310,"column":11},"end":{"line":310,"column":22}},{"start":{"line":310,"column":26},"end":{"line":310,"column":48}}],"line":310},"35":{"loc":{"start":{"line":315,"column":44},"end":{"line":315,"column":95}},"type":"binary-expr","locations":[{"start":{"line":315,"column":44},"end":{"line":315,"column":67}},{"start":{"line":315,"column":71},"end":{"line":315,"column":95}}],"line":315},"36":{"loc":{"start":{"line":325,"column":34},"end":{"line":325,"column":102}},"type":"cond-expr","locations":[{"start":{"line":325,"column":59},"end":{"line":325,"column":75}},{"start":{"line":325,"column":78},"end":{"line":325,"column":102}}],"line":325},"37":{"loc":{"start":{"line":328,"column":44},"end":{"line":328,"column":116}},"type":"binary-expr","locations":[{"start":{"line":328,"column":44},"end":{"line":328,"column":88}},{"start":{"line":328,"column":92},"end":{"line":328,"column":116}}],"line":328},"38":{"loc":{"start":{"line":340,"column":15},"end":{"line":344,"column":15}},"type":"binary-expr","locations":[{"start":{"line":340,"column":15},"end":{"line":340,"column":37}},{"start":{"line":341,"column":16},"end":{"line":343,"column":23}}],"line":340},"39":{"loc":{"start":{"line":366,"column":17},"end":{"line":371,"column":17}},"type":"binary-expr","locations":[{"start":{"line":366,"column":17},"end":{"line":366,"column":25}},{"start":{"line":367,"column":18},"end":{"line":370,"column":25}}],"line":366},"40":{"loc":{"start":{"line":376,"column":15},"end":{"line":381,"column":15}},"type":"binary-expr","locations":[{"start":{"line":376,"column":15},"end":{"line":376,"column":27}},{"start":{"line":377,"column":16},"end":{"line":380,"column":23}}],"line":376},"41":{"loc":{"start":{"line":382,"column":15},"end":{"line":387,"column":15}},"type":"binary-expr","locations":[{"start":{"line":382,"column":15},"end":{"line":382,"column":28}},{"start":{"line":383,"column":16},"end":{"line":386,"column":23}}],"line":382},"42":{"loc":{"start":{"line":388,"column":15},"end":{"line":393,"column":15}},"type":"binary-expr","locations":[{"start":{"line":388,"column":15},"end":{"line":388,"column":36}},{"start":{"line":389,"column":16},"end":{"line":392,"column":23}}],"line":388},"43":{"loc":{"start":{"line":394,"column":15},"end":{"line":399,"column":15}},"type":"binary-expr","locations":[{"start":{"line":394,"column":15},"end":{"line":394,"column":28}},{"start":{"line":395,"column":16},"end":{"line":398,"column":23}}],"line":394},"44":{"loc":{"start":{"line":403,"column":11},"end":{"line":420,"column":11}},"type":"binary-expr","locations":[{"start":{"line":403,"column":11},"end":{"line":403,"column":26}},{"start":{"line":404,"column":12},"end":{"line":419,"column":19}}],"line":403},"45":{"loc":{"start":{"line":408,"column":15},"end":{"line":415,"column":15}},"type":"binary-expr","locations":[{"start":{"line":408,"column":15},"end":{"line":408,"column":40}},{"start":{"line":409,"column":16},"end":{"line":414,"column":23}}],"line":408},"46":{"loc":{"start":{"line":428,"column":49},"end":{"line":428,"column":88}},"type":"binary-expr","locations":[{"start":{"line":428,"column":49},"end":{"line":428,"column":64}},{"start":{"line":428,"column":68},"end":{"line":428,"column":88}}],"line":428},"47":{"loc":{"start":{"line":433,"column":15},"end":{"line":438,"column":15}},"type":"binary-expr","locations":[{"start":{"line":433,"column":15},"end":{"line":433,"column":30}},{"start":{"line":434,"column":16},"end":{"line":437,"column":35}}],"line":433}},"s":{"0":0,"1":0,"2":0,"3":0,"4":0,"5":0,"6":0,"7":0,"8":0,"9":0,"10":0,"11":0,"12":0,"13":0,"14":0,"15":0,"16":0,"17":0,"18":0,"19":0,"20":0,"21":0,"22":0,"23":0,"24":0,"25":0,"26":0,"27":0,"28":0,"29":0,"30":0,"31":0,"32":0,"33":0,"34":0,"35":0,"36":0,"37":0,"38":0,"39":0,"40":0,"41":0,"42":0,"
[...]
,"D:\\learn-expo\\components\\ExternalLink.tsx": {"path":"D:\\learn-expo\\components\\ExternalLink.tsx","statementMap":{"0":{"start":{"line":9,"column":2},"end":{"line":23,"column":4}},"1":{"start":{"line":15,"column":8},"end":{"line":20,"column":9}},"2":{"start":{"line":17,"column":10},"end":{"line":17,"column":33}},"3":{"start":{"line":19,"column":10},"end":{"line":19,"column":39}}},"fnMap":{"0":{"name":"ExternalLink","decl":{"start":{"line":8,"column":16},"end":{"line":8,"column":28}},"loc":{"start":{"line":8,"column":55},"end":{"line":24,"column":1}},"line":8},"1":{"name":"(anonymous_1)","decl":{"start":{"line":14,"column":15},"end":{"line":14,"column":16}},"loc":{"start":{"line":14,"column":32},"end":{"line":21,"column":7}},"line":14}},"branchMap":{"0":{"loc":{"start":{"line":15,"column":8},"end":{"line":20,"column":9}},"type":"if","locations":[{"start":{"line":15,"column":8},"end":{"line":20,"column":9}},{"start":{},"end":{}}],"line":15}},"s":{"0":0,"1":0,"2":0,"3":0},"f":{"0":0,"1":0},"b":{"0":[0,0]}}
,"D:\\learn-expo\\components\\HapticTab.tsx": {"path":"D:\\learn-expo\\components\\HapticTab.tsx","statementMap":{"0":{"start":{"line":6,"column":2},"end":{"line":17,"column":4}},"1":{"start":{"line":10,"column":8},"end":{"line":13,"column":9}},"2":{"start":{"line":12,"column":10},"end":{"line":12,"column":65}},"3":{"start":{"line":14,"column":8},"end":{"line":14,"column":30}}},"fnMap":{"0":{"name":"HapticTab","decl":{"start":{"line":5,"column":16},"end":{"line":5,"column":25}},"loc":{"start":{"line":5,"column":58},"end":{"line":18,"column":1}},"line":5},"1":{"name":"(anonymous_1)","decl":{"start":{"line":9,"column":17},"end":{"line":9,"column":18}},"loc":{"start":{"line":9,"column":25},"end":{"line":15,"column":7}},"line":9}},"branchMap":{"0":{"loc":{"start":{"line":10,"column":8},"end":{"line":13,"column":9}},"type":"if","locations":[{"start":{"line":10,"column":8},"end":{"line":13,"column":9}},{"start":{},"end":{}}],"line":10}},"s":{"0":0,"1":0,"2":0,"3":0},"f":{"0":0,"1":0},"b":{"0":[0,0]}}
,"D:\\learn-expo\\components\\HelloWave.tsx": {"path":"D:\\learn-expo\\components\\HelloWave.tsx","statementMap":{"0":{"start":{"line":14,"column":28},"end":{"line":14,"column":45}},"1":{"start":{"line":16,"column":2},"end":{"line":21,"column":9}},"2":{"start":{"line":17,"column":4},"end":{"line":20,"column":6}},"3":{"start":{"line":23,"column":24},"end":{"line":25,"column":5}},"4":{"start":{"line":23,"column":48},"end":{"line":25,"column":3}},"5":{"start":{"line":27,"column":2},"end":{"line":31,"column":4}},"6":{"start":{"line":34,"column":15},"end":{"line":40,"column":2}}},"fnMap":{"0":{"name":"HelloWave","decl":{"start":{"line":13,"column":16},"end":{"line":13,"column":25}},"loc":{"start":{"line":13,"column":28},"end":{"line":32,"column":1}},"line":13},"1":{"name":"(anonymous_1)","decl":{"start":{"line":16,"column":12},"end":{"line":16,"column":13}},"loc":{"start":{"line":16,"column":18},"end":{"line":21,"column":3}},"line":16},"2":{"name":"(anonymous_2)","decl":{"start":{"line":23,"column":41},"end":{"line":23,"column":42}},"loc":{"start":{"line":23,"column":48},"end":{"line":25,"column":3}},"line":23}},"branchMap":{},"s":{"0":0,"1":0,"2":0,"3":0,"4":0,"5":0,"6":0},"f":{"0":0,"1":0,"2":0},"b":{}}
,"D:\\learn-expo\\components\\ParallaxScrollView.tsx": {"path":"D:\\learn-expo\\components\\ParallaxScrollView.tsx","statementMap":{"0":{"start":{"line":14,"column":22},"end":{"line":14,"column":25}},"1":{"start":{"line":26,"column":22},"end":{"line":26,"column":49}},"2":{"start":{"line":27,"column":20},"end":{"line":27,"column":57}},"3":{"start":{"line":28,"column":23},"end":{"line":28,"column":53}},"4":{"start":{"line":29,"column":17},"end":{"line":29,"column":39}},"5":{"start":{"line":30,"column":30},"end":{"line":45,"column":4}},"6":{"start":{"line":31,"column":4},"end":{"line":44,"column":6}},"7":{"start":{"line":47,"column":2},"end":{"line":65,"column":4}},"8":{"start":{"line":68,"column":15},"end":{"line":82,"column":2}}},"fnMap":{"0":{"name":"ParallaxScrollView","decl":{"start":{"line":21,"column":24},"end":{"line":21,"column":42}},"loc":{"start":{"line":25,"column":10},"end":{"line":66,"column":1}},"line":25},"1":{"name":"(anonymous_1)","decl":{"start":{"line":30,"column":47},"end":{"line":30,"column":48}},"loc":{"start":{"line":30,"column":53},"end":{"line":45,"column":3}},"line":30}},"branchMap":{"0":{"loc":{"start":{"line":26,"column":22},"end":{"line":26,"column":49}},"type":"binary-expr","locations":[{"start":{"line":26,"column":22},"end":{"line":26,"column":38}},{"start":{"line":26,"column":42},"end":{"line":26,"column":49}}],"line":26}},"s":{"0":0,"1":0,"2":0,"3":0,"4":0,"5":0,"6":0,"7":0,"8":0},"f":{"0":0,"1":0},"b":{"0":[0,0]}}
,"D:\\learn-expo\\components\\PropertyCard.tsx": {"path":"D:\\learn-expo\\components\\PropertyCard.tsx","statementMap":{"0":{"start":{"line":7,"column":28},"end":{"line":22,"column":1}},"1":{"start":{"line":8,"column":17},"end":{"line":8,"column":28}},"2":{"start":{"line":10,"column":2},"end":{"line":21,"column":4}},"3":{"start":{"line":11,"column":30},"end":{"line":11,"column":65}},"4":{"start":{"line":23,"column":15},"end":{"line":58,"column":2}}},"fnMap":{"0":{"name":"(anonymous_0)","decl":{"start":{"line":7,"column":28},"end":{"line":7,"column":29}},"loc":{"start":{"line":7,"column":42},"end":{"line":22,"column":1}},"line":7},"1":{"name":"(anonymous_1)","decl":{"start":{"line":11,"column":24},"end":{"line":11,"column":25}},"loc":{"start":{"line":11,"column":30},"end":{"line":11,"column":65}},"line":11}},"branchMap":{},"s":{"0":0,"1":0,"2":0,"3":0,"4":0},"f":{"0":0,"1":0},"b":{}}
,"D:\\learn-expo\\components\\ThemedText.tsx": {"path":"D:\\learn-expo\\components\\ThemedText.tsx","statementMap":{"0":{"start":{"line":18,"column":16},"end":{"line":18,"column":77}},"1":{"start":{"line":20,"column":2},"end":{"line":33,"column":4}},"2":{"start":{"line":36,"column":15},"end":{"line":60,"column":2}}},"fnMap":{"0":{"name":"ThemedText","decl":{"start":{"line":11,"column":16},"end":{"line":11,"column":26}},"loc":{"start":{"line":17,"column":20},"end":{"line":34,"column":1}},"line":17}},"branchMap":{"0":{"loc":{"start":{"line":15,"column":2},"end":{"line":15,"column":18}},"type":"default-arg","locations":[{"start":{"line":15,"column":9},"end":{"line":15,"column":18}}],"line":15},"1":{"loc":{"start":{"line":24,"column":8},"end":{"line":24,"column":55}},"type":"cond-expr","locations":[{"start":{"line":24,"column":29},"end":{"line":24,"column":43}},{"start":{"line":24,"column":46},"end":{"line":24,"column":55}}],"line":24},"2":{"loc":{"start":{"line":25,"column":8},"end":{"line":25,"column":51}},"type":"cond-expr","locations":[{"start":{"line":25,"column":27},"end":{"line":25,"column":39}},{"start":{"line":25,"column":42},"end":{"line":25,"column":51}}],"line":25},"3":{"loc":{"start":{"line":26,"column":8},"end":{"line":26,"column":71}},"type":"cond-expr","locations":[{"start":{"line":26,"column":37},"end":{"line":26,"column":59}},{"start":{"line":26,"column":62},"end":{"line":26,"column":71}}],"line":26},"4":{"loc":{"start":{"line":27,"column":8},"end":{"line":27,"column":57}},"type":"cond-expr","locations":[{"start":{"line":27,"column":30},"end":{"line":27,"column":45}},{"start":{"line":27,"column":48},"end":{"line":27,"column":57}}],"line":27},"5":{"loc":{"start":{"line":28,"column":8},"end":{"line":28,"column":49}},"type":"cond-expr","locations":[{"start":{"line":28,"column":26},"end":{"line":28,"column":37}},{"start":{"line":28,"column":40},"end":{"line":28,"column":49}}],"line":28}},"s":{"0":0,"1":0,"2":0},"f":{"0":0},"b":{"0":[0],"1":[0,0],"2":[0,0],"3":[0,0],"4":[0,0],"5":[0,0]}}
,"D:\\learn-expo\\components\\ThemedView.tsx": {"path":"D:\\learn-expo\\components\\ThemedView.tsx","statementMap":{"0":{"start":{"line":11,"column":26},"end":{"line":11,"column":93}},"1":{"start":{"line":13,"column":2},"end":{"line":13,"column":71}}},"fnMap":{"0":{"name":"ThemedView","decl":{"start":{"line":10,"column":16},"end":{"line":10,"column":26}},"loc":{"start":{"line":10,"column":93},"end":{"line":14,"column":1}},"line":10}},"branchMap":{},"s":{"0":0,"1":0},"f":{"0":0},"b":{}}
,"D:\\learn-expo\\components\\ui\\IconSymbol.ios.tsx": {"path":"D:\\learn-expo\\components\\ui\\IconSymbol.ios.tsx","statementMap":{"0":{"start":{"line":17,"column":2},"end":{"line":31,"column":4}}},"fnMap":{"0":{"name":"IconSymbol","decl":{"start":{"line":4,"column":16},"end":{"line":4,"column":26}},"loc":{"start":{"line":16,"column":3},"end":{"line":32,"column":1}},"line":16}},"branchMap":{"0":{"loc":{"start":{"line":6,"column":2},"end":{"line":6,"column":11}},"type":"default-arg","locations":[{"start":{"line":6,"column":9},"end":{"line":6,"column":11}}],"line":6},"1":{"loc":{"start":{"line":9,"column":2},"end":{"line":9,"column":20}},"type":"default-arg","locations":[{"start":{"line":9,"column":11},"end":{"line":9,"column":20}}],"line":9}},"s":{"0":0},"f":{"0":0},"b":{"0":[0],"1":[0]}}
,"D:\\learn-expo\\components\\ui\\IconSymbol.tsx": {"path":"D:\\learn-expo\\components\\ui\\IconSymbol.tsx","statementMap":{"0":{"start":{"line":9,"column":16},"end":{"line":23,"column":1}},"1":{"start":{"line":43,"column":2},"end":{"line":43,"column":88}}},"fnMap":{"0":{"name":"IconSymbol","decl":{"start":{"line":31,"column":16},"end":{"line":31,"column":26}},"loc":{"start":{"line":42,"column":3},"end":{"line":44,"column":1}},"line":42}},"branchMap":{"0":{"loc":{"start":{"line":33,"column":2},"end":{"line":33,"column":11}},"type":"default-arg","locations":[{"start":{"line":33,"column":9},"end":{"line":33,"column":11}}],"line":33}},"s":{"0":0,"1":0},"f":{"0":0},"b":{"0":[0]}}
,"D:\\learn-expo\\components\\ui\\TabBarBackground.ios.tsx": {"path":"D:\\learn-expo\\components\\ui\\TabBarBackground.ios.tsx","statementMap":{"0":{"start":{"line":7,"column":2},"end":{"line":15,"column":4}},"1":{"start":{"line":19,"column":20},"end":{"line":19,"column":43}},"2":{"start":{"line":20,"column":21},"end":{"line":20,"column":40}},"3":{"start":{"line":21,"column":2},"end":{"line":21,"column":28}}},"fnMap":{"0":{"name":"BlurTabBarBackground","decl":{"start":{"line":6,"column":24},"end":{"line":6,"column":44}},"loc":{"start":{"line":6,"column":47},"end":{"line":16,"column":1}},"line":6},"1":{"name":"useBottomTabOverflow","decl":{"start":{"line":18,"column":16},"end":{"line":18,"column":36}},"loc":{"start":{"line":18,"column":39},"end":{"line":22,"column":1}},"line":18}},"branchMap":{},"s":{"0":0,"1":0,"2":0,"3":0},"f":{"0":0,"1":0},"b":{}}
,"D:\\learn-expo\\components\\ui\\TabBarBackground.tsx": {"path":"D:\\learn-expo\\components\\ui\\TabBarBackground.tsx","statementMap":{"0":{"start":{"line":5,"column":2},"end":{"line":5,"column":11}}},"fnMap":{"0":{"name":"useBottomTabOverflow","decl":{"start":{"line":4,"column":16},"end":{"line":4,"column":36}},"loc":{"start":{"line":4,"column":39},"end":{"line":6,"column":1}},"line":4}},"branchMap":{},"s":{"0":0},"f":{"0":0},"b":{}}
,"D:\\learn-expo\\constants\\Colors.ts": {"path":"D:\\learn-expo\\constants\\Colors.ts","statementMap":{"0":{"start":{"line":6,"column":23},"end":{"line":6,"column":32}},"1":{"start":{"line":7,"column":22},"end":{"line":7,"column":28}},"2":{"start":{"line":9,"column":22},"end":{"line":26,"column":1}}},"fnMap":{},"branchMap":{},"s":{"0":0,"1":0,"2":0},"f":{},"b":{}}
,"D:\\learn-expo\\hooks\\useColorScheme.ts": {"path":"D:\\learn-expo\\hooks\\useColorScheme.ts","statementMap":{},"fnMap":{},"branchMap":{},"s":{},"f":{},"b":{}}
,"D:\\learn-expo\\hooks\\useColorScheme.web.ts": {"path":"D:\\learn-expo\\hooks\\useColorScheme.web.ts","statementMap":{"0":{"start":{"line":8,"column":40},"end":{"line":8,"column":55}},"1":{"start":{"line":10,"column":2},"end":{"line":12,"column":9}},"2":{"start":{"line":11,"column":4},"end":{"line":11,"column":25}},"3":{"start":{"line":14,"column":22},"end":{"line":14,"column":40}},"4":{"start":{"line":16,"column":2},"end":{"line":18,"column":3}},"5":{"start":{"line":17,"column":4},"end":{"line":17,"column":23}},"6":{"start":{"line":20,"column":2},"end":{"line":20,"column":17}}},"fnMap":{"0":{"name":"useColorScheme","decl":{"start":{"line":7,"column":16},"end":{"line":7,"column":30}},"loc":{"start":{"line":7,"column":33},"end":{"line":21,"column":1}},"line":7},"1":{"name":"(anonymous_1)","decl":{"start":{"line":10,"column":12},"end":{"line":10,"column":13}},"loc":{"start":{"line":10,"column":18},"end":{"line":12,"column":3}},"line":10}},"branchMap":{"0":{"loc":{"start":{"line":16,"column":2},"end":{"line":18,"column":3}},"type":"if","locations":[{"start":{"line":16,"column":2},"end":{"line":18,"column":3}},{"start":{},"end":{}}],"line":16}},"s":{"0":0,"1":0,"2":0,"3":0,"4":0,"5":0,"6":0},"f":{"0":0,"1":0},"b":{"0":[0,0]}}
,"D:\\learn-expo\\hooks\\useThemeColor.ts": {"path":"D:\\learn-expo\\hooks\\useThemeColor.ts","statementMap":{"0":{"start":{"line":13,"column":16},"end":{"line":13,"column":43}},"1":{"start":{"line":14,"column":25},"end":{"line":14,"column":37}},"2":{"start":{"line":16,"column":2},"end":{"line":20,"column":3}},"3":{"start":{"line":17,"column":4},"end":{"line":17,"column":26}},"4":{"start":{"line":19,"column":4},"end":{"line":19,"column":36}}},"fnMap":{"0":{"name":"useThemeColor","decl":{"start":{"line":9,"column":16},"end":{"line":9,"column":29}},"loc":{"start":{"line":12,"column":2},"end":{"line":21,"column":1}},"line":12}},"branchMap":{"0":{"loc":{"start":{"line":13,"column":16},"end":{"line":13,"column":43}},"type":"binary-expr","locations":[{"start":{"line":13,"column":16},"end":{"line":13,"column":32}},{"start":{"line":13,"column":36},"end":{"line":13,"column":43}}],"line":13},"1":{"loc":{"start":{"line":16,"column":2},"end":{"line":20,"column":3}},"type":"if","locations":[{"start":{"line":16,"column":2},"end":{"line":20,"column":3}},{"start":{"line":18,"column":9},"end":{"line":20,"column":3}}],"line":16}},"s":{"0":0,"1":0,"2":0,"3":0,"4":0},"f":{"0":0},"b":{"0":[0,0],"1":[0,0]}}
,"D:\\learn-expo\\scripts\\reset-project.js": {"path":"D:\\learn-expo\\scripts\\reset-project.js","statementMap":{"0":{"start":{"line":9,"column":11},"end":{"line":9,"column":24}},"1":{"start":{"line":10,"column":13},"end":{"line":10,"column":28}},"2":{"start":{"line":11,"column":17},"end":{"line":11,"column":36}},"3":{"start":{"line":13,"column":13},"end":{"line":13,"column":26}},"4":{"start":{"line":14,"column":16},"end":{"line":14,"column":70}},"5":{"start":{"line":15,"column":19},"end":{"line":15,"column":32}},"6":{"start":{"line":16,"column":18},"end":{"line":16,"column":23}},"7":{"start":{"line":17,"column":23},"end":{"line":17,"column":50}},"8":{"start":{"line":19,"column":21},"end":{"line":34,"column":1}},"9":{"start":{"line":36,"column":22},"end":{"line":41,"column":1}},"10":{"start":{"line":43,"column":11},"end":{"line":46,"column":2}},"11":{"start":{"line":48,"column":24},"end":{"line":99,"column":1}},"12":{"start":{"line":49,"column":2},"end":{"line":98,"column":3}},"13":{"start":{"line":50,"column":4},"end":{"line":54,"column":5}},"14":{"start":{"line":52,"column":6},"end":{"line":52,"column":67}},"15":{"start":{"line":53,"column":6},"end":{"line":53,"column":58}},"16":{"start":{"line":57,"column":4},"end":{"line":71,"column":5}},"17":{"start":{"line":58,"column":25},"end":{"line":58,"column":45}},"18":{"start":{"line":59,"column":6},"end":{"line":70,"column":7}},"19":{"start":{"line":60,"column":8},"end":{"line":67,"column":9}},"20":{"start":{"line":61,"column":29},"end":{"line":61,"column":61}},"21":{"start":{"line":62,"column":10},"end":{"line":62,"column":59}},"22":{"start":{"line":63,"column":10},"end":{"line":63,"column":68}},"23":{"start":{"line":65,"column":10},"end":{"line":65,"column":77}},"24":{"start":{"line":66,"column":10},"end":{"line":66,"column":44}},"25":{"start":{"line":69,"column":8},"end":{"line":69,"column":60}},"26":{"start":{"line":74,"column":26},"end":{"line":74,"column":52}},"27":{"start":{"line":75,"column":4},"end":{"line":75,"column":64}},"28":{"start":{"line":76,"column":4},"end":{"line":76,"column":52}},"29":{"start":{"line":79,"column":22},"end":{"line":79,"column":59}},"30":{"start":{"line":80,"column":4},"end":{"line":80,"column":57}},"31":{"start":{"line":81,"column":4},"end":{"line":81,"column":45}},"32":{"start":{"line":84,"column":23},"end":{"line":84,"column":62}},"33":{"start":{"line":85,"column":4},"end":{"line":85,"column":59}},"34":{"start":{"line":86,"column":4},"end":{"line":86,"column":47}},"35":{"start":{"line":88,"column":4},"end":{"line":88,"column":59}},"36":{"start":{"line":89,"column":4},"end":{"line":95,"column":6}},"37":{"start":{"line":97,"column":4},"end":{"line":97,"column":71}},"38":{"start":{"line":101,"column":0},"end":{"line":112,"column":2}},"39":{"start":{"line":104,"column":22},"end":{"line":104,"column":56}},"40":{"start":{"line":105,"column":4},"end":{"line":110,"column":5}},"41":{"start":{"line":106,"column":6},"end":{"line":106,"column":59}},"42":{"start":{"line":106,"column":47},"end":{"line":106,"column":57}},"43":{"start":{"line":108,"column":6},"end":{"line":108,"column":63}},"44":{"start":{"line":109,"column":6},"end":{"line":109,"column":17}}},"fnMap":{"0":{"name":"(anonymous_0)","decl":{"start":{"line":48,"column":24},"end":{"line":48,"column":25}},"loc":{"start":{"line":48,"column":45},"end":{"line":99,"column":1}},"line":48},"1":{"name":"(anonymous_1)","decl":{"start":{"line":103,"column":2},"end":{"line":103,"column":3}},"loc":{"start":{"line":103,"column":14},"end":{"line":111,"column":3}},"line":103},"2":{"name":"(anonymous_2)","decl":{"start":{"line":106,"column":41},"end":{"line":106,"column":42}},"loc":{"start":{"line":106,"column":47},"end":{"line":106,"column":57}},"line":106}},"branchMap":{"0":{"loc":{"start":{"line":50,"column":4},"end":{"line":54,"column":5}},"type":"if","locations":[{"start":{"line":50,"column":4},"end":{"line":54,"column":5}},{"start":{},"end":{}}],"line":50},"1":{"loc":{"start":{"line":59,"column":6},"end":{"line":70,"column":7}},"type":"if","locations":[{"start":{"line":59,"column":6},"end":{"line":70,"column":7}},{"start":{"line":68,"column":13},"end":{"line":70,"column":7}}],"line":59},"2":{"loc":{"start":{"line":60,"column":8},"end":{"line":67,"column":9}},"type":"if","locations":[{"start":{"line":60,"column":8},"end":{"line":67,"column":9}},{"start":{"line":64,"column":15},"end":{"line":67,"column":9}}],"line":60},"3":{"loc":{"start":{"line":91,"column":8},"end":{"line":93,"column":14}},"type":"cond-expr","locations":[{"start":{"line":92,"column":12},"end":{"line":92,"column":87}},{"start":{"line":93,"column":12},"end":{"line":93,"column":14}}],"line":91},"4":{"loc":{"start":{"line":104,"column":22},"end":{"line":104,"column":56}},"type":"binary-expr","locations":[{"start":{"line":104,"column":22},"end":{"line":104,"column":49}},{"start":{"line":104,"column":53},"end":{"line":104,"column":56}}],"line":104},"5":{"loc":{"start":{"line":105,"column":4},"end":{"line":110,"column":5}},"type":"if","locations":[{"start":{"line":105,"column":4},"end":{"line":110,"column":5}},{"start":{"line":107,"column":11},"end":{"line":110,"column":5}}],"line":105},"6":{"loc":{"start":{"line":105,"column":8},"end":{"line":105,"column":46}},"type":"binary-expr","locations":[{"start":{"line":105,"column":8},"end":{"line":105,"column":25}},{"start":{"line":105,"column":29},"end":{"line":105,"column":46}}],"line":105}},"s":{"0":0,"1":0,"2":0,"3":0,"4":0,"5":0,"6":0,"7":0,"8":0,"9":0,"10":0,"11":0,"12":0,"13":0,"14":0,"15":0,"16":0,"17":0,"18":0,"19":0,"20":0,"21":0,"22":0,"23":0,"24":0,"25":0,"26":0,"27":0,"28":0,"29":0,"30":0,"31":0,"32":0,"33":0,"34":0,"35":0,"36":0,"37":0,"38":0,"39":0,"40":0,"41":0,"42":0,"43":0,"44":0},"f":{"0":0,"1":0,"2":0},"b":{"0":[0,0],"1":[0,0],"2":[0,0],"3":[0,0],"4":[0,0],"5":[0,0],"6":[0,0]}}
}
